{"/home/travis/build/npmtest/node-npmtest-mailgun-js/test.js":{"path":"/home/travis/build/npmtest/node-npmtest-mailgun-js/test.js","s":{"1":2,"2":2,"3":2,"4":2,"5":2,"6":2,"7":2,"8":1,"9":2,"10":2,"11":1,"12":1,"13":1,"14":1,"15":2,"16":2,"17":2,"18":2,"19":1,"20":1,"21":2,"22":2,"23":2,"24":1,"25":1,"26":1,"27":1,"28":1,"29":1,"30":1,"31":1,"32":1,"33":1,"34":1,"35":1,"36":1,"37":2,"38":2,"39":1,"40":2,"41":2,"42":1,"43":2,"44":2,"45":1,"46":2,"47":2,"48":1,"49":1,"50":1,"51":1,"52":1},"b":{"1":[2,1,1,1],"2":[1,1,1,1],"3":[1,1],"4":[1,1],"5":[1,1],"6":[1,1],"7":[1,1],"8":[1,1],"9":[1,1,1],"10":[1,1],"11":[1,1],"12":[1,1],"13":[1,1],"14":[1,1],"15":[1,1],"16":[1,1]},"f":{"1":2,"2":2,"3":2,"4":2,"5":2,"6":1,"7":1,"8":2,"9":2,"10":2,"11":2,"12":1},"fnMap":{"1":{"name":"(anonymous_1)","line":12,"loc":{"start":{"line":12,"column":1},"end":{"line":12,"column":13}}},"2":{"name":"(anonymous_2)","line":19,"loc":{"start":{"line":19,"column":5},"end":{"line":19,"column":17}}},"3":{"name":"(anonymous_3)","line":23,"loc":{"start":{"line":23,"column":24},"end":{"line":23,"column":36}}},"4":{"name":"(anonymous_4)","line":61,"loc":{"start":{"line":61,"column":5},"end":{"line":61,"column":17}}},"5":{"name":"(anonymous_5)","line":82,"loc":{"start":{"line":82,"column":5},"end":{"line":82,"column":17}}},"6":{"name":"(anonymous_6)","line":102,"loc":{"start":{"line":102,"column":83},"end":{"line":105,"column":10}},"skip":true},"7":{"name":"(anonymous_7)","line":113,"loc":{"start":{"line":113,"column":77},"end":{"line":116,"column":10}},"skip":true},"8":{"name":"(anonymous_8)","line":129,"loc":{"start":{"line":129,"column":12},"end":{"line":129,"column":40}},"skip":true},"9":{"name":"(anonymous_9)","line":137,"loc":{"start":{"line":137,"column":77},"end":{"line":140,"column":10}},"skip":true},"10":{"name":"(anonymous_10)","line":148,"loc":{"start":{"line":148,"column":83},"end":{"line":151,"column":10}},"skip":true},"11":{"name":"(anonymous_11)","line":159,"loc":{"start":{"line":159,"column":79},"end":{"line":162,"column":10}},"skip":true},"12":{"name":"(anonymous_12)","line":170,"loc":{"start":{"line":170,"column":75},"end":{"line":173,"column":10}},"skip":true}},"statementMap":{"1":{"start":{"line":12,"column":0},"end":{"line":185,"column":5}},"2":{"start":{"line":14,"column":4},"end":{"line":14,"column":14}},"3":{"start":{"line":19,"column":4},"end":{"line":56,"column":9}},"4":{"start":{"line":21,"column":8},"end":{"line":21,"column":19}},"5":{"start":{"line":23,"column":8},"end":{"line":35,"column":13}},"6":{"start":{"line":24,"column":12},"end":{"line":34,"column":13}},"7":{"start":{"line":25,"column":16},"end":{"line":28,"column":30}},"8":{"start":{"line":30,"column":16},"end":{"line":33,"column":27}},"9":{"start":{"line":37,"column":8},"end":{"line":39,"column":21}},"10":{"start":{"line":40,"column":8},"end":{"line":53,"column":9}},"11":{"start":{"line":43,"column":12},"end":{"line":46,"column":14}},"12":{"start":{"line":47,"column":12},"end":{"line":47,"column":18}},"13":{"start":{"line":50,"column":12},"end":{"line":51,"column":46}},"14":{"start":{"line":52,"column":12},"end":{"line":52,"column":18}},"15":{"start":{"line":55,"column":8},"end":{"line":55,"column":35}},"16":{"start":{"line":61,"column":4},"end":{"line":63,"column":9}},"17":{"start":{"line":62,"column":8},"end":{"line":62,"column":15}},"18":{"start":{"line":64,"column":4},"end":{"line":77,"column":5}},"19":{"start":{"line":70,"column":8},"end":{"line":70,"column":14}},"20":{"start":{"line":76,"column":8},"end":{"line":76,"column":14}},"21":{"start":{"line":82,"column":4},"end":{"line":84,"column":9}},"22":{"start":{"line":83,"column":8},"end":{"line":83,"column":15}},"23":{"start":{"line":85,"column":4},"end":{"line":184,"column":5}},"24":{"start":{"line":92,"column":8},"end":{"line":94,"column":63}},"25":{"start":{"line":95,"column":8},"end":{"line":95,"column":14}},"26":{"start":{"line":102,"column":8},"end":{"line":111,"column":10},"skip":true},"27":{"start":{"line":109,"column":12},"end":{"line":109,"column":55},"skip":true},"28":{"start":{"line":110,"column":12},"end":{"line":110,"column":48},"skip":true},"29":{"start":{"line":113,"column":8},"end":{"line":126,"column":10},"skip":true},"30":{"start":{"line":120,"column":12},"end":{"line":120,"column":76},"skip":true},"31":{"start":{"line":121,"column":12},"end":{"line":121,"column":73},"skip":true},"32":{"start":{"line":122,"column":12},"end":{"line":122,"column":74},"skip":true},"33":{"start":{"line":123,"column":12},"end":{"line":123,"column":79},"skip":true},"34":{"start":{"line":124,"column":12},"end":{"line":124,"column":25},"skip":true},"35":{"start":{"line":125,"column":12},"end":{"line":125,"column":45},"skip":true},"36":{"start":{"line":128,"column":8},"end":{"line":135,"column":14},"skip":true},"37":{"start":{"line":133,"column":16},"end":{"line":133,"column":29},"skip":true},"38":{"start":{"line":134,"column":16},"end":{"line":134,"column":55},"skip":true},"39":{"start":{"line":137,"column":8},"end":{"line":146,"column":10},"skip":true},"40":{"start":{"line":144,"column":12},"end":{"line":144,"column":25},"skip":true},"41":{"start":{"line":145,"column":12},"end":{"line":145,"column":45},"skip":true},"42":{"start":{"line":148,"column":8},"end":{"line":157,"column":10},"skip":true},"43":{"start":{"line":155,"column":12},"end":{"line":155,"column":25},"skip":true},"44":{"start":{"line":156,"column":12},"end":{"line":156,"column":48},"skip":true},"45":{"start":{"line":159,"column":8},"end":{"line":168,"column":10},"skip":true},"46":{"start":{"line":166,"column":12},"end":{"line":166,"column":25},"skip":true},"47":{"start":{"line":167,"column":12},"end":{"line":167,"column":46},"skip":true},"48":{"start":{"line":170,"column":8},"end":{"line":179,"column":10},"skip":true},"49":{"start":{"line":177,"column":12},"end":{"line":177,"column":94},"skip":true},"50":{"start":{"line":178,"column":12},"end":{"line":178,"column":48},"skip":true},"51":{"start":{"line":182,"column":8},"end":{"line":182,"column":35},"skip":true},"52":{"start":{"line":183,"column":8},"end":{"line":183,"column":14},"skip":true}},"branchMap":{"1":{"line":25,"type":"binary-expr","locations":[{"start":{"line":25,"column":23},"end":{"line":25,"column":62}},{"start":{"line":26,"column":20},"end":{"line":26,"column":70}},{"start":{"line":27,"column":20},"end":{"line":27,"column":71}},{"start":{"line":28,"column":20},"end":{"line":28,"column":29}}]},"2":{"line":30,"type":"binary-expr","locations":[{"start":{"line":30,"column":23},"end":{"line":30,"column":37}},{"start":{"line":31,"column":20},"end":{"line":31,"column":61}},{"start":{"line":32,"column":20},"end":{"line":32,"column":70}},{"start":{"line":33,"column":20},"end":{"line":33,"column":26}}]},"3":{"line":37,"type":"cond-expr","locations":[{"start":{"line":38,"column":14},"end":{"line":38,"column":20}},{"start":{"line":39,"column":14},"end":{"line":39,"column":20}}]},"4":{"line":40,"type":"switch","locations":[{"start":{"line":42,"column":8},"end":{"line":47,"column":18}},{"start":{"line":49,"column":8},"end":{"line":52,"column":18}}]},"5":{"line":44,"type":"binary-expr","locations":[{"start":{"line":44,"column":16},"end":{"line":44,"column":44}},{"start":{"line":44,"column":48},"end":{"line":44,"column":66}}]},"6":{"line":50,"type":"binary-expr","locations":[{"start":{"line":50,"column":21},"end":{"line":50,"column":49}},{"start":{"line":50,"column":53},"end":{"line":50,"column":72}}]},"7":{"line":64,"type":"switch","locations":[{"start":{"line":69,"column":4},"end":{"line":70,"column":14}},{"start":{"line":75,"column":4},"end":{"line":76,"column":14}}]},"8":{"line":85,"type":"switch","locations":[{"start":{"line":90,"column":4},"end":{"line":95,"column":14}},{"start":{"line":101,"column":4},"end":{"line":183,"column":14},"skip":true}]},"9":{"line":92,"type":"binary-expr","locations":[{"start":{"line":92,"column":18},"end":{"line":92,"column":32}},{"start":{"line":93,"column":12},"end":{"line":93,"column":53}},{"start":{"line":94,"column":12},"end":{"line":94,"column":61}}]},"10":{"line":102,"type":"binary-expr","locations":[{"start":{"line":102,"column":45},"end":{"line":102,"column":79},"skip":true},{"start":{"line":102,"column":83},"end":{"line":111,"column":9},"skip":true}]},"11":{"line":113,"type":"binary-expr","locations":[{"start":{"line":113,"column":42},"end":{"line":113,"column":73},"skip":true},{"start":{"line":113,"column":77},"end":{"line":126,"column":9},"skip":true}]},"12":{"line":128,"type":"binary-expr","locations":[{"start":{"line":128,"column":48},"end":{"line":128,"column":85},"skip":true},{"start":{"line":129,"column":12},"end":{"line":135,"column":13},"skip":true}]},"13":{"line":137,"type":"binary-expr","locations":[{"start":{"line":137,"column":42},"end":{"line":137,"column":73},"skip":true},{"start":{"line":137,"column":77},"end":{"line":146,"column":9},"skip":true}]},"14":{"line":148,"type":"binary-expr","locations":[{"start":{"line":148,"column":45},"end":{"line":148,"column":79},"skip":true},{"start":{"line":148,"column":83},"end":{"line":157,"column":9},"skip":true}]},"15":{"line":159,"type":"binary-expr","locations":[{"start":{"line":159,"column":43},"end":{"line":159,"column":75},"skip":true},{"start":{"line":159,"column":79},"end":{"line":168,"column":9},"skip":true}]},"16":{"line":170,"type":"binary-expr","locations":[{"start":{"line":170,"column":41},"end":{"line":170,"column":71},"skip":true},{"start":{"line":170,"column":75},"end":{"line":179,"column":9},"skip":true}]}},"code":["/* istanbul instrument in package npmtest_mailgun_js */","/*jslint","    bitwise: true,","    browser: true,","    maxerr: 8,","    maxlen: 96,","    node: true,","    nomen: true,","    regexp: true,","    stupid: true","*/","(function () {","    'use strict';","    var local;","","","","    // run shared js-env code - pre-init","    (function () {","        // init local","        local = {};","        // init modeJs","        local.modeJs = (function () {","            try {","                return typeof navigator.userAgent === 'string' &&","                    typeof document.querySelector('body') === 'object' &&","                    typeof XMLHttpRequest.prototype.open === 'function' &&","                    'browser';","            } catch (errorCaughtBrowser) {","                return module.exports &&","                    typeof process.versions.node === 'string' &&","                    typeof require('http').createServer === 'function' &&","                    'node';","            }","        }());","        // init global","        local.global = local.modeJs === 'browser'","            ? window","            : global;","        switch (local.modeJs) {","        // re-init local from window.local","        case 'browser':","            local = local.global.utility2.objectSetDefault(","                local.global.utility2_rollup || local.global.local,","                local.global.utility2","            );","            break;","        // re-init local from example.js","        case 'node':","            local = (local.global.utility2_rollup || require('utility2'))","                .requireExampleJsFromReadme();","            break;","        }","        // export local","        local.global.local = local;","    }());","","","","    // run shared js-env code - function","    (function () {","        return;","    }());","    switch (local.modeJs) {","","","","    // run browser js-env code - function","    case 'browser':","        break;","","","","    // run node js-env code - function","    case 'node':","        break;","    }","","","","    // run shared js-env code - post-init","    (function () {","        return;","    }());","    switch (local.modeJs) {","","","","    // run browser js-env code - post-init","    case 'browser':","        // run tests","        local.nop(local.modeTest &&","            document.querySelector('#testRunButton1') &&","            document.querySelector('#testRunButton1').click());","        break;","","","","    // run node js-env code - post-init","    /* istanbul ignore next */","    case 'node':","        local.testCase_buildApidoc_default = local.testCase_buildApidoc_default || function (","            options,","            onError","        ) {","        /*","         * this function will test buildApidoc's default handling-behavior-behavior","         */","            options = { modulePathList: module.paths };","            local.buildApidoc(options, onError);","        };","","        local.testCase_buildApp_default = local.testCase_buildApp_default || function (","            options,","            onError","        ) {","        /*","         * this function will test buildApp's default handling-behavior-behavior","         */","            local.testCase_buildReadme_default(options, local.onErrorThrow);","            local.testCase_buildLib_default(options, local.onErrorThrow);","            local.testCase_buildTest_default(options, local.onErrorThrow);","            local.testCase_buildCustomOrg_default(options, local.onErrorThrow);","            options = [];","            local.buildApp(options, onError);","        };","","        local.testCase_buildCustomOrg_default = local.testCase_buildCustomOrg_default ||","            function (options, onError) {","            /*","             * this function will test buildCustomOrg's default handling-behavior","             */","                options = {};","                local.buildCustomOrg(options, onError);","            };","","        local.testCase_buildLib_default = local.testCase_buildLib_default || function (","            options,","            onError","        ) {","        /*","         * this function will test buildLib's default handling-behavior","         */","            options = {};","            local.buildLib(options, onError);","        };","","        local.testCase_buildReadme_default = local.testCase_buildReadme_default || function (","            options,","            onError","        ) {","        /*","         * this function will test buildReadme's default handling-behavior-behavior","         */","            options = {};","            local.buildReadme(options, onError);","        };","","        local.testCase_buildTest_default = local.testCase_buildTest_default || function (","            options,","            onError","        ) {","        /*","         * this function will test buildTest's default handling-behavior","         */","            options = {};","            local.buildTest(options, onError);","        };","","        local.testCase_webpage_default = local.testCase_webpage_default || function (","            options,","            onError","        ) {","        /*","         * this function will test webpage's default handling-behavior","         */","            options = { modeCoverageMerge: true, url: local.serverLocalHost + '?modeTest=1' };","            local.browserTest(options, onError);","        };","","        // run test-server","        local.testRunServer(local);","        break;","    }","}());",""],"l":{"12":2,"14":2,"19":2,"21":2,"23":2,"24":2,"25":2,"30":1,"37":2,"40":2,"43":1,"47":1,"50":1,"52":1,"55":2,"61":2,"62":2,"64":2,"70":1,"76":1,"82":2,"83":2,"85":2,"92":1,"95":1,"102":1,"109":1,"110":1,"113":1,"120":1,"121":1,"122":1,"123":1,"124":1,"125":1,"128":1,"133":2,"134":2,"137":1,"144":2,"145":2,"148":1,"155":2,"156":2,"159":1,"166":2,"167":2,"170":1,"177":1,"178":1,"182":1,"183":1}},"/home/travis/build/npmtest/node-npmtest-mailgun-js/lib.npmtest_mailgun_js.js":{"path":"/home/travis/build/npmtest/node-npmtest-mailgun-js/lib.npmtest_mailgun_js.js","s":{"1":2,"2":2,"3":2,"4":2,"5":2,"6":2,"7":2,"8":1,"9":2,"10":2,"11":2,"12":2,"13":1,"14":1,"15":1,"16":1},"b":{"1":[2,1,1,1],"2":[1,1,1,1],"3":[1,1],"4":[2,2],"5":[1,1]},"f":{"1":2,"2":2,"3":2},"fnMap":{"1":{"name":"(anonymous_1)","line":12,"loc":{"start":{"line":12,"column":1},"end":{"line":12,"column":13}}},"2":{"name":"(anonymous_2)","line":19,"loc":{"start":{"line":19,"column":5},"end":{"line":19,"column":17}}},"3":{"name":"(anonymous_3)","line":23,"loc":{"start":{"line":23,"column":24},"end":{"line":23,"column":36}}}},"statementMap":{"1":{"start":{"line":12,"column":0},"end":{"line":53,"column":5}},"2":{"start":{"line":14,"column":4},"end":{"line":14,"column":14}},"3":{"start":{"line":19,"column":4},"end":{"line":52,"column":9}},"4":{"start":{"line":21,"column":8},"end":{"line":21,"column":19}},"5":{"start":{"line":23,"column":8},"end":{"line":35,"column":13}},"6":{"start":{"line":24,"column":12},"end":{"line":34,"column":13}},"7":{"start":{"line":25,"column":16},"end":{"line":28,"column":30}},"8":{"start":{"line":30,"column":16},"end":{"line":33,"column":27}},"9":{"start":{"line":37,"column":8},"end":{"line":39,"column":21}},"10":{"start":{"line":41,"column":8},"end":{"line":41,"column":54}},"11":{"start":{"line":43,"column":8},"end":{"line":43,"column":55}},"12":{"start":{"line":45,"column":8},"end":{"line":51,"column":9}},"13":{"start":{"line":46,"column":12},"end":{"line":46,"column":61}},"14":{"start":{"line":48,"column":12},"end":{"line":48,"column":35}},"15":{"start":{"line":49,"column":12},"end":{"line":49,"column":49}},"16":{"start":{"line":50,"column":12},"end":{"line":50,"column":43}}},"branchMap":{"1":{"line":25,"type":"binary-expr","locations":[{"start":{"line":25,"column":23},"end":{"line":25,"column":62}},{"start":{"line":26,"column":20},"end":{"line":26,"column":70}},{"start":{"line":27,"column":20},"end":{"line":27,"column":71}},{"start":{"line":28,"column":20},"end":{"line":28,"column":29}}]},"2":{"line":30,"type":"binary-expr","locations":[{"start":{"line":30,"column":23},"end":{"line":30,"column":37}},{"start":{"line":31,"column":20},"end":{"line":31,"column":61}},{"start":{"line":32,"column":20},"end":{"line":32,"column":70}},{"start":{"line":33,"column":20},"end":{"line":33,"column":26}}]},"3":{"line":37,"type":"cond-expr","locations":[{"start":{"line":38,"column":14},"end":{"line":38,"column":20}},{"start":{"line":39,"column":14},"end":{"line":39,"column":20}}]},"4":{"line":41,"type":"binary-expr","locations":[{"start":{"line":41,"column":16},"end":{"line":41,"column":44}},{"start":{"line":41,"column":48},"end":{"line":41,"column":53}}]},"5":{"line":45,"type":"if","locations":[{"start":{"line":45,"column":8},"end":{"line":45,"column":8}},{"start":{"line":45,"column":8},"end":{"line":45,"column":8}}]}},"code":["/* istanbul instrument in package npmtest_mailgun_js */","/*jslint","    bitwise: true,","    browser: true,","    maxerr: 8,","    maxlen: 96,","    node: true,","    nomen: true,","    regexp: true,","    stupid: true","*/","(function () {","    'use strict';","    var local;","","","","    // run shared js-env code - pre-init","    (function () {","        // init local","        local = {};","        // init modeJs","        local.modeJs = (function () {","            try {","                return typeof navigator.userAgent === 'string' &&","                    typeof document.querySelector('body') === 'object' &&","                    typeof XMLHttpRequest.prototype.open === 'function' &&","                    'browser';","            } catch (errorCaughtBrowser) {","                return module.exports &&","                    typeof process.versions.node === 'string' &&","                    typeof require('http').createServer === 'function' &&","                    'node';","            }","        }());","        // init global","        local.global = local.modeJs === 'browser'","            ? window","            : global;","        // init utility2_rollup","        local = local.global.utility2_rollup || local;","        // init lib","        local.local = local.npmtest_mailgun_js = local;","        // init exports","        if (local.modeJs === 'browser') {","            local.global.utility2_npmtest_mailgun_js = local;","        } else {","            module.exports = local;","            module.exports.__dirname = __dirname;","            module.exports.module = module;","        }","    }());","}());",""],"l":{"12":2,"14":2,"19":2,"21":2,"23":2,"24":2,"25":2,"30":1,"37":2,"41":2,"43":2,"45":2,"46":1,"48":1,"49":1,"50":1}},"/home/travis/build/npmtest/node-npmtest-mailgun-js/example.js":{"path":"/home/travis/build/npmtest/node-npmtest-mailgun-js/example.js","s":{"1":2,"2":2,"3":2,"4":2,"5":2,"6":2,"7":2,"8":1,"9":2,"10":2,"11":2,"12":2,"13":1,"14":2,"15":2,"16":2,"17":2,"18":2,"19":0,"20":2,"21":1,"22":1,"23":1,"24":1,"25":1,"26":0,"27":0,"28":1,"29":1,"30":2,"31":0,"32":0,"33":0,"34":1,"35":2,"36":2,"37":2,"38":2,"39":2,"40":2,"41":0,"42":2,"43":2,"44":2,"45":1,"46":3,"47":1,"48":1,"49":1,"50":1,"51":1,"52":1,"53":1,"54":1,"55":1,"56":1,"57":0,"58":1,"59":6,"60":6,"61":1,"62":2,"63":0,"64":2,"65":1,"66":1,"67":0,"68":0,"69":0,"70":0,"71":0,"72":0,"73":0,"74":0,"75":0,"76":0,"77":0,"78":0,"79":0,"80":0,"81":0,"82":0,"83":0},"b":{"1":[2,1,1,1],"2":[1,1,1,1],"3":[1,1],"4":[2,2],"5":[1,1],"6":[1,1],"7":[2,0],"8":[2,1,1,1,1,1],"9":[0,2,0],"10":[1,1],"11":[2,1,1],"12":[1,0],"13":[0,2],"14":[2,0,0,0,0,0,0],"15":[0,2],"16":[2,0],"17":[1,1],"18":[0,1],"19":[1,2,0,2],"20":[1,0],"21":[1,1],"22":[0,0],"23":[0,0],"24":[0,0],"25":[0,0],"26":[0,0],"27":[0,0],"28":[0,0]},"f":{"1":2,"2":2,"3":2,"4":2,"5":2,"6":2,"7":2,"8":2,"9":3,"10":1,"11":6,"12":0},"fnMap":{"1":{"name":"(anonymous_1)","line":26,"loc":{"start":{"line":26,"column":1},"end":{"line":26,"column":13}}},"2":{"name":"(anonymous_2)","line":33,"loc":{"start":{"line":33,"column":5},"end":{"line":33,"column":17}}},"3":{"name":"(anonymous_3)","line":37,"loc":{"start":{"line":37,"column":24},"end":{"line":37,"column":36}}},"4":{"name":"(anonymous_4)","line":69,"loc":{"start":{"line":69,"column":31},"end":{"line":69,"column":48}},"skip":true},"5":{"name":"(anonymous_5)","line":78,"loc":{"start":{"line":78,"column":26},"end":{"line":78,"column":45}},"skip":true},"6":{"name":"(anonymous_6)","line":123,"loc":{"start":{"line":123,"column":33},"end":{"line":123,"column":48}},"skip":true},"7":{"name":"(anonymous_7)","line":125,"loc":{"start":{"line":125,"column":27},"end":{"line":125,"column":39}},"skip":true},"8":{"name":"(anonymous_8)","line":133,"loc":{"start":{"line":133,"column":59},"end":{"line":133,"column":74}},"skip":true},"9":{"name":"(anonymous_9)","line":143,"loc":{"start":{"line":143,"column":45},"end":{"line":143,"column":62}},"skip":true},"10":{"name":"(anonymous_10)","line":144,"loc":{"start":{"line":144,"column":73},"end":{"line":144,"column":92}},"skip":true},"11":{"name":"(anonymous_11)","line":272,"loc":{"start":{"line":272,"column":51},"end":{"line":272,"column":77}},"skip":true},"12":{"name":"(anonymous_12)","line":314,"loc":{"start":{"line":314,"column":32},"end":{"line":314,"column":61}},"skip":true}},"statementMap":{"1":{"start":{"line":26,"column":0},"end":{"line":325,"column":5}},"2":{"start":{"line":28,"column":4},"end":{"line":28,"column":14}},"3":{"start":{"line":33,"column":4},"end":{"line":60,"column":9}},"4":{"start":{"line":35,"column":8},"end":{"line":35,"column":19}},"5":{"start":{"line":37,"column":8},"end":{"line":49,"column":13}},"6":{"start":{"line":38,"column":12},"end":{"line":48,"column":13}},"7":{"start":{"line":39,"column":16},"end":{"line":42,"column":30}},"8":{"start":{"line":44,"column":16},"end":{"line":47,"column":27}},"9":{"start":{"line":51,"column":8},"end":{"line":53,"column":21}},"10":{"start":{"line":55,"column":8},"end":{"line":57,"column":45}},"11":{"start":{"line":59,"column":8},"end":{"line":59,"column":35}},"12":{"start":{"line":61,"column":4},"end":{"line":324,"column":5}},"13":{"start":{"line":69,"column":8},"end":{"line":121,"column":10},"skip":true},"14":{"start":{"line":70,"column":12},"end":{"line":88,"column":13},"skip":true},"15":{"start":{"line":76,"column":16},"end":{"line":87,"column":19},"skip":true},"16":{"start":{"line":79,"column":20},"end":{"line":86,"column":21},"skip":true},"17":{"start":{"line":82,"column":24},"end":{"line":82,"column":43},"skip":true},"18":{"start":{"line":83,"column":24},"end":{"line":83,"column":30},"skip":true},"19":{"start":{"line":85,"column":24},"end":{"line":85,"column":49},"skip":true},"20":{"start":{"line":89,"column":12},"end":{"line":107,"column":13},"skip":true},"21":{"start":{"line":92,"column":16},"end":{"line":102,"column":17},"skip":true},"22":{"start":{"line":93,"column":20},"end":{"line":93,"column":86},"skip":true},"23":{"start":{"line":94,"column":20},"end":{"line":95,"column":45},"skip":true},"24":{"start":{"line":96,"column":20},"end":{"line":96,"column":42},"skip":true},"25":{"start":{"line":97,"column":20},"end":{"line":97,"column":48},"skip":true},"26":{"start":{"line":100,"column":20},"end":{"line":100,"column":85},"skip":true},"27":{"start":{"line":101,"column":20},"end":{"line":101,"column":96},"skip":true},"28":{"start":{"line":103,"column":16},"end":{"line":103,"column":22},"skip":true},"29":{"start":{"line":106,"column":16},"end":{"line":106,"column":22},"skip":true},"30":{"start":{"line":108,"column":12},"end":{"line":120,"column":13},"skip":true},"31":{"start":{"line":114,"column":16},"end":{"line":119,"column":17},"skip":true},"32":{"start":{"line":116,"column":20},"end":{"line":116,"column":78},"skip":true},"33":{"start":{"line":118,"column":20},"end":{"line":118,"column":47},"skip":true},"34":{"start":{"line":123,"column":8},"end":{"line":141,"column":11},"skip":true},"35":{"start":{"line":124,"column":12},"end":{"line":124,"column":54},"skip":true},"36":{"start":{"line":125,"column":12},"end":{"line":140,"column":14},"skip":true},"37":{"start":{"line":126,"column":16},"end":{"line":126,"column":28},"skip":true},"38":{"start":{"line":127,"column":16},"end":{"line":127,"column":69},"skip":true},"39":{"start":{"line":128,"column":16},"end":{"line":128,"column":75},"skip":true},"40":{"start":{"line":129,"column":16},"end":{"line":131,"column":17},"skip":true},"41":{"start":{"line":130,"column":20},"end":{"line":130,"column":27},"skip":true},"42":{"start":{"line":133,"column":16},"end":{"line":137,"column":36},"skip":true},"43":{"start":{"line":134,"column":20},"end":{"line":136,"column":55},"skip":true},"44":{"start":{"line":139,"column":16},"end":{"line":139,"column":57},"skip":true},"45":{"start":{"line":143,"column":8},"end":{"line":147,"column":11},"skip":true},"46":{"start":{"line":144,"column":12},"end":{"line":146,"column":15},"skip":true},"47":{"start":{"line":145,"column":16},"end":{"line":145,"column":70},"skip":true},"48":{"start":{"line":149,"column":8},"end":{"line":149,"column":31},"skip":true},"49":{"start":{"line":150,"column":8},"end":{"line":150,"column":14},"skip":true},"50":{"start":{"line":158,"column":8},"end":{"line":158,"column":31},"skip":true},"51":{"start":{"line":160,"column":8},"end":{"line":160,"column":33},"skip":true},"52":{"start":{"line":161,"column":8},"end":{"line":161,"column":37},"skip":true},"53":{"start":{"line":162,"column":8},"end":{"line":162,"column":35},"skip":true},"54":{"start":{"line":164,"column":8},"end":{"line":164,"column":50},"skip":true},"55":{"start":{"line":166,"column":8},"end":{"line":256,"column":2},"skip":true},"56":{"start":{"line":258,"column":8},"end":{"line":286,"column":9},"skip":true},"57":{"start":{"line":259,"column":12},"end":{"line":269,"column":14},"skip":true},"58":{"start":{"line":271,"column":12},"end":{"line":285,"column":19},"skip":true},"59":{"start":{"line":274,"column":20},"end":{"line":274,"column":35},"skip":true},"60":{"start":{"line":275,"column":20},"end":{"line":284,"column":21},"skip":true},"61":{"start":{"line":277,"column":24},"end":{"line":277,"column":64},"skip":true},"62":{"start":{"line":279,"column":24},"end":{"line":279,"column":40},"skip":true},"63":{"start":{"line":281,"column":24},"end":{"line":281,"column":40},"skip":true},"64":{"start":{"line":283,"column":24},"end":{"line":283,"column":39},"skip":true},"65":{"start":{"line":288,"column":8},"end":{"line":290,"column":9},"skip":true},"66":{"start":{"line":289,"column":12},"end":{"line":289,"column":18},"skip":true},"67":{"start":{"line":291,"column":8},"end":{"line":293,"column":54},"skip":true},"68":{"start":{"line":294,"column":8},"end":{"line":301,"column":37},"skip":true},"69":{"start":{"line":302,"column":8},"end":{"line":302,"column":82},"skip":true},"70":{"start":{"line":305,"column":8},"end":{"line":307,"column":9},"skip":true},"71":{"start":{"line":306,"column":12},"end":{"line":306,"column":82},"skip":true},"72":{"start":{"line":309,"column":8},"end":{"line":311,"column":9},"skip":true},"73":{"start":{"line":310,"column":12},"end":{"line":310,"column":18},"skip":true},"74":{"start":{"line":312,"column":8},"end":{"line":312,"column":54},"skip":true},"75":{"start":{"line":313,"column":8},"end":{"line":313,"column":69},"skip":true},"76":{"start":{"line":314,"column":8},"end":{"line":322,"column":36},"skip":true},"77":{"start":{"line":315,"column":12},"end":{"line":315,"column":61},"skip":true},"78":{"start":{"line":316,"column":12},"end":{"line":319,"column":13},"skip":true},"79":{"start":{"line":317,"column":16},"end":{"line":317,"column":75},"skip":true},"80":{"start":{"line":318,"column":16},"end":{"line":318,"column":23},"skip":true},"81":{"start":{"line":320,"column":12},"end":{"line":320,"column":38},"skip":true},"82":{"start":{"line":321,"column":12},"end":{"line":321,"column":27},"skip":true},"83":{"start":{"line":323,"column":8},"end":{"line":323,"column":14},"skip":true}},"branchMap":{"1":{"line":39,"type":"binary-expr","locations":[{"start":{"line":39,"column":23},"end":{"line":39,"column":62}},{"start":{"line":40,"column":20},"end":{"line":40,"column":70}},{"start":{"line":41,"column":20},"end":{"line":41,"column":71}},{"start":{"line":42,"column":20},"end":{"line":42,"column":29}}]},"2":{"line":44,"type":"binary-expr","locations":[{"start":{"line":44,"column":23},"end":{"line":44,"column":37}},{"start":{"line":45,"column":20},"end":{"line":45,"column":61}},{"start":{"line":46,"column":20},"end":{"line":46,"column":70}},{"start":{"line":47,"column":20},"end":{"line":47,"column":26}}]},"3":{"line":51,"type":"cond-expr","locations":[{"start":{"line":52,"column":14},"end":{"line":52,"column":20}},{"start":{"line":53,"column":14},"end":{"line":53,"column":20}}]},"4":{"line":55,"type":"binary-expr","locations":[{"start":{"line":55,"column":16},"end":{"line":55,"column":44}},{"start":{"line":55,"column":49},"end":{"line":57,"column":43}}]},"5":{"line":55,"type":"cond-expr","locations":[{"start":{"line":56,"column":14},"end":{"line":56,"column":54}},{"start":{"line":57,"column":14},"end":{"line":57,"column":43}}]},"6":{"line":61,"type":"switch","locations":[{"start":{"line":68,"column":4},"end":{"line":150,"column":14},"skip":true},{"start":{"line":156,"column":4},"end":{"line":323,"column":14},"skip":true}]},"7":{"line":70,"type":"if","locations":[{"start":{"line":70,"column":12},"end":{"line":70,"column":12},"skip":true},{"start":{"line":70,"column":12},"end":{"line":70,"column":12},"skip":true}]},"8":{"line":70,"type":"binary-expr","locations":[{"start":{"line":70,"column":16},"end":{"line":70,"column":22},"skip":true},{"start":{"line":70,"column":27},"end":{"line":70,"column":32},"skip":true},{"start":{"line":71,"column":20},"end":{"line":71,"column":39},"skip":true},{"start":{"line":72,"column":20},"end":{"line":72,"column":49},"skip":true},{"start":{"line":73,"column":20},"end":{"line":73,"column":58},"skip":true},{"start":{"line":74,"column":20},"end":{"line":74,"column":69},"skip":true}]},"9":{"line":79,"type":"switch","locations":[{"start":{"line":80,"column":20},"end":{"line":80,"column":33},"skip":true},{"start":{"line":81,"column":20},"end":{"line":83,"column":30},"skip":true},{"start":{"line":84,"column":20},"end":{"line":85,"column":49},"skip":true}]},"10":{"line":89,"type":"switch","locations":[{"start":{"line":90,"column":12},"end":{"line":103,"column":22},"skip":true},{"start":{"line":105,"column":12},"end":{"line":106,"column":22},"skip":true}]},"11":{"line":89,"type":"binary-expr","locations":[{"start":{"line":89,"column":20},"end":{"line":89,"column":25},"skip":true},{"start":{"line":89,"column":29},"end":{"line":89,"column":48},"skip":true},{"start":{"line":89,"column":52},"end":{"line":89,"column":74},"skip":true}]},"12":{"line":92,"type":"if","locations":[{"start":{"line":92,"column":16},"end":{"line":92,"column":16},"skip":true},{"start":{"line":92,"column":16},"end":{"line":92,"column":16},"skip":true}]},"13":{"line":108,"type":"if","locations":[{"start":{"line":108,"column":12},"end":{"line":108,"column":12},"skip":true},{"start":{"line":108,"column":12},"end":{"line":108,"column":12},"skip":true}]},"14":{"line":108,"type":"binary-expr","locations":[{"start":{"line":108,"column":16},"end":{"line":108,"column":61},"skip":true},{"start":{"line":108,"column":66},"end":{"line":108,"column":72},"skip":true},{"start":{"line":108,"column":77},"end":{"line":108,"column":82},"skip":true},{"start":{"line":109,"column":20},"end":{"line":109,"column":39},"skip":true},{"start":{"line":110,"column":20},"end":{"line":110,"column":49},"skip":true},{"start":{"line":111,"column":20},"end":{"line":111,"column":58},"skip":true},{"start":{"line":112,"column":20},"end":{"line":112,"column":68},"skip":true}]},"15":{"line":129,"type":"if","locations":[{"start":{"line":129,"column":16},"end":{"line":129,"column":16},"skip":true},{"start":{"line":129,"column":16},"end":{"line":129,"column":16},"skip":true}]},"16":{"line":134,"type":"cond-expr","locations":[{"start":{"line":135,"column":26},"end":{"line":135,"column":29},"skip":true},{"start":{"line":136,"column":26},"end":{"line":136,"column":54},"skip":true}]},"17":{"line":164,"type":"binary-expr","locations":[{"start":{"line":164,"column":27},"end":{"line":164,"column":43},"skip":true},{"start":{"line":164,"column":47},"end":{"line":164,"column":49},"skip":true}]},"18":{"line":258,"type":"if","locations":[{"start":{"line":258,"column":8},"end":{"line":258,"column":8},"skip":true},{"start":{"line":258,"column":8},"end":{"line":258,"column":8},"skip":true}]},"19":{"line":275,"type":"switch","locations":[{"start":{"line":276,"column":20},"end":{"line":277,"column":64},"skip":true},{"start":{"line":278,"column":20},"end":{"line":279,"column":40},"skip":true},{"start":{"line":280,"column":20},"end":{"line":281,"column":40},"skip":true},{"start":{"line":282,"column":20},"end":{"line":283,"column":39},"skip":true}]},"20":{"line":288,"type":"if","locations":[{"start":{"line":288,"column":8},"end":{"line":288,"column":8},"skip":true},{"start":{"line":288,"column":8},"end":{"line":288,"column":8},"skip":true}]},"21":{"line":288,"type":"binary-expr","locations":[{"start":{"line":288,"column":12},"end":{"line":288,"column":40},"skip":true},{"start":{"line":288,"column":44},"end":{"line":288,"column":67},"skip":true}]},"22":{"line":292,"type":"binary-expr","locations":[{"start":{"line":292,"column":12},"end":{"line":292,"column":50},"skip":true},{"start":{"line":293,"column":12},"end":{"line":293,"column":53},"skip":true}]},"23":{"line":295,"type":"binary-expr","locations":[{"start":{"line":295,"column":12},"end":{"line":295,"column":68},"skip":true},{"start":{"line":296,"column":12},"end":{"line":301,"column":36},"skip":true}]},"24":{"line":302,"type":"binary-expr","locations":[{"start":{"line":302,"column":43},"end":{"line":302,"column":75},"skip":true},{"start":{"line":302,"column":79},"end":{"line":302,"column":81},"skip":true}]},"25":{"line":305,"type":"if","locations":[{"start":{"line":305,"column":8},"end":{"line":305,"column":8},"skip":true},{"start":{"line":305,"column":8},"end":{"line":305,"column":8},"skip":true}]},"26":{"line":309,"type":"if","locations":[{"start":{"line":309,"column":8},"end":{"line":309,"column":8},"skip":true},{"start":{"line":309,"column":8},"end":{"line":309,"column":8},"skip":true}]},"27":{"line":312,"type":"binary-expr","locations":[{"start":{"line":312,"column":27},"end":{"line":312,"column":43},"skip":true},{"start":{"line":312,"column":47},"end":{"line":312,"column":53},"skip":true}]},"28":{"line":316,"type":"if","locations":[{"start":{"line":316,"column":12},"end":{"line":316,"column":12},"skip":true},{"start":{"line":316,"column":12},"end":{"line":316,"column":12},"skip":true}]}},"code":["/*","example.js","","quickstart example","","instruction","    1. save this script as example.js","    2. run the shell command:","        $ npm install npmtest-mailgun-js && PORT=8081 node example.js","    3. play with the browser-demo on http://127.0.0.1:8081","*/","","","","/* istanbul instrument in package npmtest_mailgun_js */","/*jslint","    bitwise: true,","    browser: true,","    maxerr: 8,","    maxlen: 96,","    node: true,","    nomen: true,","    regexp: true,","    stupid: true","*/","(function () {","    'use strict';","    var local;","","","","    // run shared js-env code - pre-init","    (function () {","        // init local","        local = {};","        // init modeJs","        local.modeJs = (function () {","            try {","                return typeof navigator.userAgent === 'string' &&","                    typeof document.querySelector('body') === 'object' &&","                    typeof XMLHttpRequest.prototype.open === 'function' &&","                    'browser';","            } catch (errorCaughtBrowser) {","                return module.exports &&","                    typeof process.versions.node === 'string' &&","                    typeof require('http').createServer === 'function' &&","                    'node';","            }","        }());","        // init global","        local.global = local.modeJs === 'browser'","            ? window","            : global;","        // init utility2_rollup","        local = local.global.utility2_rollup || (local.modeJs === 'browser'","            ? local.global.utility2_npmtest_mailgun_js","            : global.utility2_moduleExports);","        // export local","        local.global.local = local;","    }());","    switch (local.modeJs) {","","","","    // post-init","    // run browser js-env code - post-init","    /* istanbul ignore next */","    case 'browser':","        local.testRunBrowser = function (event) {","            if (!event || (event &&","                    event.currentTarget &&","                    event.currentTarget.className &&","                    event.currentTarget.className.includes &&","                    event.currentTarget.className.includes('onreset'))) {","                // reset output","                Array.from(","                    document.querySelectorAll('body > .resettable')","                ).forEach(function (element) {","                    switch (element.tagName) {","                    case 'INPUT':","                    case 'TEXTAREA':","                        element.value = '';","                        break;","                    default:","                        element.textContent = '';","                    }","                });","            }","            switch (event && event.currentTarget && event.currentTarget.id) {","            case 'testRunButton1':","                // show tests","                if (document.querySelector('#testReportDiv1').style.display === 'none') {","                    document.querySelector('#testReportDiv1').style.display = 'block';","                    document.querySelector('#testRunButton1').textContent =","                        'hide internal test';","                    local.modeTest = true;","                    local.testRunDefault(local);","                // hide tests","                } else {","                    document.querySelector('#testReportDiv1').style.display = 'none';","                    document.querySelector('#testRunButton1').textContent = 'run internal test';","                }","                break;","            // custom-case","            default:","                break;","            }","            if (document.querySelector('#inputTextareaEval1') && (!event || (event &&","                    event.currentTarget &&","                    event.currentTarget.className &&","                    event.currentTarget.className.includes &&","                    event.currentTarget.className.includes('oneval')))) {","                // try to eval input-code","                try {","                    /*jslint evil: true*/","                    eval(document.querySelector('#inputTextareaEval1').value);","                } catch (errorCaught) {","                    console.error(errorCaught);","                }","            }","        };","        // log stderr and stdout to #outputTextareaStdout1","        ['error', 'log'].forEach(function (key) {","            console[key + '_original'] = console[key];","            console[key] = function () {","                var element;","                console[key + '_original'].apply(console, arguments);","                element = document.querySelector('#outputTextareaStdout1');","                if (!element) {","                    return;","                }","                // append text to #outputTextareaStdout1","                element.value += Array.from(arguments).map(function (arg) {","                    return typeof arg === 'string'","                        ? arg","                        : JSON.stringify(arg, null, 4);","                }).join(' ') + '\\n';","                // scroll textarea to bottom","                element.scrollTop = element.scrollHeight;","            };","        });","        // init event-handling","        ['change', 'click', 'keyup'].forEach(function (event) {","            Array.from(document.querySelectorAll('.on' + event)).forEach(function (element) {","                element.addEventListener(event, local.testRunBrowser);","            });","        });","        // run tests","        local.testRunBrowser();","        break;","","","","    // run node js-env code - post-init","    /* istanbul ignore next */","    case 'node':","        // export local","        module.exports = local;","        // require modules","        local.fs = require('fs');","        local.http = require('http');","        local.url = require('url');","        // init assets","        local.assetsDict = local.assetsDict || {};","        /* jslint-ignore-begin */","        local.assetsDict['/assets.index.template.html'] = '\\","<!doctype html>\\n\\","<html lang=\"en\">\\n\\","<head>\\n\\","<meta charset=\"UTF-8\">\\n\\","<meta name=\"viewport\" content=\"width=device-width, initial-scale=1\">\\n\\","<title>{{env.npm_package_name}} (v{{env.npm_package_version}})</title>\\n\\","<style>\\n\\","/*csslint\\n\\","    box-sizing: false,\\n\\","    universal-selector: false\\n\\","*/\\n\\","* {\\n\\","    box-sizing: border-box;\\n\\","}\\n\\","body {\\n\\","    background: #dde;\\n\\","    font-family: Arial, Helvetica, sans-serif;\\n\\","    margin: 2rem;\\n\\","}\\n\\","body > * {\\n\\","    margin-bottom: 1rem;\\n\\","}\\n\\",".utility2FooterDiv {\\n\\","    margin-top: 20px;\\n\\","    text-align: center;\\n\\","}\\n\\","</style>\\n\\","<style>\\n\\","/*csslint\\n\\","*/\\n\\","textarea {\\n\\","    font-family: monospace;\\n\\","    height: 10rem;\\n\\","    width: 100%;\\n\\","}\\n\\","textarea[readonly] {\\n\\","    background: #ddd;\\n\\","}\\n\\","</style>\\n\\","</head>\\n\\","<body>\\n\\","<!-- utility2-comment\\n\\","<div id=\"ajaxProgressDiv1\" style=\"background: #d00; height: 2px; left: 0; margin: 0; padding: 0; position: fixed; top: 0; transition: background 0.5s, width 1.5s; width: 25%;\"></div>\\n\\","utility2-comment -->\\n\\","<h1>\\n\\","<!-- utility2-comment\\n\\","    <a\\n\\","        {{#if env.npm_package_homepage}}\\n\\","        href=\"{{env.npm_package_homepage}}\"\\n\\","        {{/if env.npm_package_homepage}}\\n\\","        target=\"_blank\"\\n\\","    >\\n\\","utility2-comment -->\\n\\","        {{env.npm_package_name}} (v{{env.npm_package_version}})\\n\\","<!-- utility2-comment\\n\\","    </a>\\n\\","utility2-comment -->\\n\\","</h1>\\n\\","<h3>{{env.npm_package_description}}</h3>\\n\\","<!-- utility2-comment\\n\\","<h4><a download href=\"assets.app.js\">download standalone app</a></h4>\\n\\","<button class=\"onclick onreset\" id=\"testRunButton1\">run internal test</button><br>\\n\\","<div id=\"testReportDiv1\" style=\"display: none;\"></div>\\n\\","utility2-comment -->\\n\\","\\n\\","\\n\\","\\n\\","<label>stderr and stdout</label>\\n\\","<textarea class=\"resettable\" id=\"outputTextareaStdout1\" readonly></textarea>\\n\\","<!-- utility2-comment\\n\\","{{#if isRollup}}\\n\\","<script src=\"assets.app.js\"></script>\\n\\","{{#unless isRollup}}\\n\\","utility2-comment -->\\n\\","<script src=\"assets.utility2.rollup.js\"></script>\\n\\","<script src=\"jsonp.utility2._stateInit?callback=window.utility2._stateInit\"></script>\\n\\","<script src=\"assets.npmtest_mailgun_js.rollup.js\"></script>\\n\\","<script src=\"assets.example.js\"></script>\\n\\","<script src=\"assets.test.js\"></script>\\n\\","<!-- utility2-comment\\n\\","{{/if isRollup}}\\n\\","utility2-comment -->\\n\\","<div class=\"utility2FooterDiv\">\\n\\","    [ this app was created with\\n\\","    <a href=\"https://github.com/kaizhu256/node-utility2\" target=\"_blank\">utility2</a>\\n\\","    ]\\n\\","</div>\\n\\","</body>\\n\\","</html>\\n\\","';","        /* jslint-ignore-end */","        if (local.templateRender) {","            local.assetsDict['/'] = local.templateRender(","                local.assetsDict['/assets.index.template.html'],","                {","                    env: local.objectSetDefault(local.env, {","                        npm_package_description: 'the greatest app in the world!',","                        npm_package_name: 'my-app',","                        npm_package_nameAlias: 'my_app',","                        npm_package_version: '0.0.1'","                    })","                }","            );","        } else {","            local.assetsDict['/'] = local.assetsDict['/assets.index.template.html']","                .replace((/\\{\\{env\\.(\\w+?)\\}\\}/g), function (match0, match1) {","                    // jslint-hack","                    String(match0);","                    switch (match1) {","                    case 'npm_package_description':","                        return 'the greatest app in the world!';","                    case 'npm_package_name':","                        return 'my-app';","                    case 'npm_package_nameAlias':","                        return 'my_app';","                    case 'npm_package_version':","                        return '0.0.1';","                    }","                });","        }","        // run the cli","        if (local.global.utility2_rollup || module !== require.main) {","            break;","        }","        local.assetsDict['/assets.example.js'] =","            local.assetsDict['/assets.example.js'] ||","            local.fs.readFileSync(__filename, 'utf8');","        local.assetsDict['/assets.npmtest_mailgun_js.rollup.js'] =","            local.assetsDict['/assets.npmtest_mailgun_js.rollup.js'] ||","            local.fs.readFileSync(","                // buildCustomOrg-hack","                local.npmtest_mailgun_js.__dirname +","                    '/lib.npmtest_mailgun_js.js',","                'utf8'","            ).replace((/^#!/), '//');","        local.assetsDict['/favicon.ico'] = local.assetsDict['/favicon.ico'] || '';","        // if $npm_config_timeout_exit exists,","        // then exit this process after $npm_config_timeout_exit ms","        if (Number(process.env.npm_config_timeout_exit)) {","            setTimeout(process.exit, Number(process.env.npm_config_timeout_exit));","        }","        // start server","        if (local.global.utility2_serverHttp1) {","            break;","        }","        process.env.PORT = process.env.PORT || '8081';","        console.error('server starting on port ' + process.env.PORT);","        local.http.createServer(function (request, response) {","            request.urlParsed = local.url.parse(request.url);","            if (local.assetsDict[request.urlParsed.pathname] !== undefined) {","                response.end(local.assetsDict[request.urlParsed.pathname]);","                return;","            }","            response.statusCode = 404;","            response.end();","        }).listen(process.env.PORT);","        break;","    }","}());",""],"l":{"26":2,"28":2,"33":2,"35":2,"37":2,"38":2,"39":2,"44":1,"51":2,"55":2,"59":2,"61":2,"69":1,"70":2,"76":2,"79":2,"82":2,"83":2,"85":1,"89":2,"92":1,"93":1,"94":1,"96":1,"97":1,"100":1,"101":1,"103":1,"106":1,"108":2,"114":1,"116":1,"118":1,"123":1,"124":2,"125":2,"126":2,"127":2,"128":2,"129":2,"130":1,"133":2,"134":2,"139":2,"143":1,"144":3,"145":1,"149":1,"150":1,"158":1,"160":1,"161":1,"162":1,"164":1,"166":1,"258":1,"259":1,"271":1,"274":6,"275":6,"277":1,"279":2,"281":1,"283":2,"288":1,"289":1,"291":1,"294":1,"302":1,"305":1,"306":1,"309":1,"310":1,"312":1,"313":1,"314":1,"315":1,"316":1,"317":1,"318":1,"320":1,"321":1,"323":1}},"/home/travis/build/npmtest/node-npmtest-mailgun-js/node_modules/mailgun-js/lib/mailgun.js":{"path":"/home/travis/build/npmtest/node-npmtest-mailgun-js/node_modules/mailgun-js/lib/mailgun.js","s":{"1":1,"2":1,"3":1,"4":1,"5":1,"6":1,"7":1,"8":1,"9":1,"10":1,"11":0,"12":0,"13":0,"14":0,"15":0,"16":0,"17":0,"18":0,"19":0,"20":0,"21":0,"22":0,"23":0,"24":0,"25":0,"26":0,"27":0,"28":0,"29":1,"30":0,"31":0,"32":0,"33":0,"34":0,"35":0,"36":1,"37":0,"38":0,"39":0,"40":0,"41":0,"42":0,"43":1,"44":0,"45":0,"46":0,"47":0,"48":0,"49":0,"50":1,"51":0,"52":0,"53":1,"54":0,"55":0,"56":1,"57":0,"58":0,"59":1,"60":0,"61":0,"62":1,"63":0,"64":0,"65":0,"66":0,"67":0,"68":0,"69":0,"70":0,"71":0,"72":0,"73":0,"74":0,"75":0,"76":0,"77":0,"78":0,"79":0,"80":0,"81":0,"82":0,"83":1,"84":0,"85":0,"86":0,"87":0,"88":1,"89":0,"90":0,"91":0,"92":0,"93":1,"94":1,"95":1,"96":1,"97":0},"b":{"1":[0,0],"2":[0,0],"3":[0,0],"4":[0,0],"5":[0,0],"6":[0,0],"7":[0,0],"8":[0,0],"9":[0,0],"10":[0,0,0,0],"11":[0,0],"12":[0,0,0],"13":[0,0],"14":[0,0],"15":[0,0],"16":[0,0],"17":[0,0],"18":[0,0],"19":[0,0]},"f":{"1":0,"2":0,"3":0,"4":0,"5":0,"6":0,"7":0,"8":0,"9":0,"10":0,"11":0,"12":0,"13":0},"fnMap":{"1":{"name":"(anonymous_1)","line":13,"loc":{"start":{"line":13,"column":14},"end":{"line":13,"column":33}}},"2":{"name":"(anonymous_2)","line":49,"loc":{"start":{"line":49,"column":30},"end":{"line":49,"column":58}}},"3":{"name":"(anonymous_3)","line":67,"loc":{"start":{"line":67,"column":38},"end":{"line":67,"column":58}}},"4":{"name":"(anonymous_4)","line":80,"loc":{"start":{"line":80,"column":28},"end":{"line":80,"column":66}}},"5":{"name":"(anonymous_5)","line":91,"loc":{"start":{"line":91,"column":25},"end":{"line":91,"column":51}}},"6":{"name":"(anonymous_6)","line":96,"loc":{"start":{"line":96,"column":24},"end":{"line":96,"column":50}}},"7":{"name":"(anonymous_7)","line":101,"loc":{"start":{"line":101,"column":27},"end":{"line":101,"column":53}}},"8":{"name":"(anonymous_8)","line":106,"loc":{"start":{"line":106,"column":24},"end":{"line":106,"column":50}}},"9":{"name":"(anonymous_9)","line":112,"loc":{"start":{"line":112,"column":36},"end":{"line":112,"column":75}}},"10":{"name":"(anonymous_10)","line":139,"loc":{"start":{"line":139,"column":13},"end":{"line":139,"column":25}}},"11":{"name":"(anonymous_11)","line":151,"loc":{"start":{"line":151,"column":29},"end":{"line":151,"column":52}}},"12":{"name":"(anonymous_12)","line":159,"loc":{"start":{"line":159,"column":26},"end":{"line":159,"column":51}}},"13":{"name":"(anonymous_13)","line":173,"loc":{"start":{"line":173,"column":17},"end":{"line":173,"column":36}}}},"statementMap":{"1":{"start":{"line":1,"column":0},"end":{"line":1,"column":31}},"2":{"start":{"line":2,"column":0},"end":{"line":2,"column":31}},"3":{"start":{"line":4,"column":0},"end":{"line":4,"column":41}},"4":{"start":{"line":5,"column":0},"end":{"line":5,"column":35}},"5":{"start":{"line":6,"column":0},"end":{"line":6,"column":33}},"6":{"start":{"line":7,"column":0},"end":{"line":7,"column":48}},"7":{"start":{"line":9,"column":0},"end":{"line":9,"column":36}},"8":{"start":{"line":10,"column":0},"end":{"line":10,"column":31}},"9":{"start":{"line":11,"column":0},"end":{"line":11,"column":37}},"10":{"start":{"line":13,"column":0},"end":{"line":47,"column":2}},"11":{"start":{"line":14,"column":2},"end":{"line":16,"column":3}},"12":{"start":{"line":15,"column":4},"end":{"line":15,"column":53}},"13":{"start":{"line":17,"column":2},"end":{"line":17,"column":24}},"14":{"start":{"line":18,"column":2},"end":{"line":18,"column":31}},"15":{"start":{"line":19,"column":2},"end":{"line":19,"column":43}},"16":{"start":{"line":20,"column":2},"end":{"line":20,"column":31}},"17":{"start":{"line":21,"column":2},"end":{"line":21,"column":53}},"18":{"start":{"line":22,"column":2},"end":{"line":22,"column":36}},"19":{"start":{"line":23,"column":2},"end":{"line":23,"column":33}},"20":{"start":{"line":25,"column":2},"end":{"line":25,"column":48}},"21":{"start":{"line":26,"column":2},"end":{"line":26,"column":44}},"22":{"start":{"line":27,"column":2},"end":{"line":27,"column":47}},"23":{"start":{"line":28,"column":2},"end":{"line":28,"column":34}},"24":{"start":{"line":29,"column":2},"end":{"line":29,"column":34}},"25":{"start":{"line":31,"column":2},"end":{"line":33,"column":3}},"26":{"start":{"line":32,"column":4},"end":{"line":32,"column":31}},"27":{"start":{"line":35,"column":2},"end":{"line":44,"column":4}},"28":{"start":{"line":46,"column":2},"end":{"line":46,"column":26}},"29":{"start":{"line":49,"column":0},"end":{"line":65,"column":2}},"30":{"start":{"line":50,"column":2},"end":{"line":50,"column":22}},"31":{"start":{"line":53,"column":2},"end":{"line":62,"column":3}},"32":{"start":{"line":57,"column":4},"end":{"line":57,"column":11}},"33":{"start":{"line":59,"column":7},"end":{"line":62,"column":3}},"34":{"start":{"line":61,"column":4},"end":{"line":61,"column":33}},"35":{"start":{"line":64,"column":2},"end":{"line":64,"column":11}},"36":{"start":{"line":67,"column":0},"end":{"line":78,"column":2}},"37":{"start":{"line":68,"column":2},"end":{"line":68,"column":23}},"38":{"start":{"line":71,"column":2},"end":{"line":75,"column":3}},"39":{"start":{"line":72,"column":4},"end":{"line":72,"column":47}},"40":{"start":{"line":73,"column":4},"end":{"line":73,"column":61}},"41":{"start":{"line":74,"column":4},"end":{"line":74,"column":13}},"42":{"start":{"line":77,"column":2},"end":{"line":77,"column":11}},"43":{"start":{"line":80,"column":0},"end":{"line":89,"column":2}},"44":{"start":{"line":81,"column":2},"end":{"line":81,"column":26}},"45":{"start":{"line":82,"column":2},"end":{"line":82,"column":48}},"46":{"start":{"line":83,"column":2},"end":{"line":85,"column":3}},"47":{"start":{"line":84,"column":4},"end":{"line":84,"column":44}},"48":{"start":{"line":87,"column":2},"end":{"line":87,"column":38}},"49":{"start":{"line":88,"column":2},"end":{"line":88,"column":49}},"50":{"start":{"line":91,"column":0},"end":{"line":94,"column":2}},"51":{"start":{"line":92,"column":2},"end":{"line":92,"column":38}},"52":{"start":{"line":93,"column":2},"end":{"line":93,"column":45}},"53":{"start":{"line":96,"column":0},"end":{"line":99,"column":2}},"54":{"start":{"line":97,"column":2},"end":{"line":97,"column":38}},"55":{"start":{"line":98,"column":2},"end":{"line":98,"column":44}},"56":{"start":{"line":101,"column":0},"end":{"line":104,"column":2}},"57":{"start":{"line":102,"column":2},"end":{"line":102,"column":38}},"58":{"start":{"line":103,"column":2},"end":{"line":103,"column":47}},"59":{"start":{"line":106,"column":0},"end":{"line":109,"column":2}},"60":{"start":{"line":107,"column":2},"end":{"line":107,"column":38}},"61":{"start":{"line":108,"column":2},"end":{"line":108,"column":44}},"62":{"start":{"line":112,"column":0},"end":{"line":149,"column":2}},"63":{"start":{"line":113,"column":2},"end":{"line":113,"column":18}},"64":{"start":{"line":115,"column":2},"end":{"line":115,"column":57}},"65":{"start":{"line":116,"column":2},"end":{"line":116,"column":74}},"66":{"start":{"line":118,"column":2},"end":{"line":128,"column":3}},"67":{"start":{"line":119,"column":4},"end":{"line":126,"column":5}},"68":{"start":{"line":120,"column":6},"end":{"line":120,"column":72}},"69":{"start":{"line":121,"column":6},"end":{"line":121,"column":75}},"70":{"start":{"line":122,"column":6},"end":{"line":122,"column":92}},"71":{"start":{"line":123,"column":6},"end":{"line":123,"column":71}},"72":{"start":{"line":124,"column":6},"end":{"line":124,"column":100}},"73":{"start":{"line":125,"column":6},"end":{"line":125,"column":76}},"74":{"start":{"line":127,"column":4},"end":{"line":127,"column":17}},"75":{"start":{"line":130,"column":2},"end":{"line":135,"column":3}},"76":{"start":{"line":131,"column":4},"end":{"line":133,"column":5}},"77":{"start":{"line":132,"column":6},"end":{"line":132,"column":47}},"78":{"start":{"line":134,"column":4},"end":{"line":134,"column":17}},"79":{"start":{"line":137,"column":2},"end":{"line":137,"column":35}},"80":{"start":{"line":139,"column":2},"end":{"line":141,"column":34}},"81":{"start":{"line":140,"column":4},"end":{"line":140,"column":37}},"82":{"start":{"line":143,"column":2},"end":{"line":148,"column":4}},"83":{"start":{"line":151,"column":0},"end":{"line":157,"column":2}},"84":{"start":{"line":152,"column":2},"end":{"line":152,"column":37}},"85":{"start":{"line":153,"column":2},"end":{"line":153,"column":49}},"86":{"start":{"line":155,"column":2},"end":{"line":155,"column":33}},"87":{"start":{"line":156,"column":2},"end":{"line":156,"column":55}},"88":{"start":{"line":159,"column":0},"end":{"line":165,"column":2}},"89":{"start":{"line":160,"column":2},"end":{"line":160,"column":34}},"90":{"start":{"line":161,"column":2},"end":{"line":161,"column":49}},"91":{"start":{"line":163,"column":2},"end":{"line":163,"column":33}},"92":{"start":{"line":164,"column":2},"end":{"line":164,"column":57}},"93":{"start":{"line":167,"column":0},"end":{"line":167,"column":34}},"94":{"start":{"line":169,"column":0},"end":{"line":169,"column":42}},"95":{"start":{"line":171,"column":0},"end":{"line":171,"column":36}},"96":{"start":{"line":173,"column":0},"end":{"line":175,"column":2}},"97":{"start":{"line":174,"column":2},"end":{"line":174,"column":30}}},"branchMap":{"1":{"line":14,"type":"if","locations":[{"start":{"line":14,"column":2},"end":{"line":14,"column":2}},{"start":{"line":14,"column":2},"end":{"line":14,"column":2}}]},"2":{"line":22,"type":"binary-expr","locations":[{"start":{"line":22,"column":14},"end":{"line":22,"column":26}},{"start":{"line":22,"column":30},"end":{"line":22,"column":35}}]},"3":{"line":25,"type":"binary-expr","locations":[{"start":{"line":25,"column":14},"end":{"line":25,"column":26}},{"start":{"line":25,"column":30},"end":{"line":25,"column":47}}]},"4":{"line":26,"type":"binary-expr","locations":[{"start":{"line":26,"column":18},"end":{"line":26,"column":34}},{"start":{"line":26,"column":38},"end":{"line":26,"column":43}}]},"5":{"line":27,"type":"binary-expr","locations":[{"start":{"line":27,"column":18},"end":{"line":27,"column":34}},{"start":{"line":27,"column":38},"end":{"line":27,"column":46}}]},"6":{"line":28,"type":"binary-expr","locations":[{"start":{"line":28,"column":14},"end":{"line":28,"column":26}},{"start":{"line":28,"column":30},"end":{"line":28,"column":33}}]},"7":{"line":29,"type":"binary-expr","locations":[{"start":{"line":29,"column":15},"end":{"line":29,"column":28}},{"start":{"line":29,"column":32},"end":{"line":29,"column":33}}]},"8":{"line":31,"type":"if","locations":[{"start":{"line":31,"column":2},"end":{"line":31,"column":2}},{"start":{"line":31,"column":2},"end":{"line":31,"column":2}}]},"9":{"line":53,"type":"if","locations":[{"start":{"line":53,"column":2},"end":{"line":53,"column":2}},{"start":{"line":53,"column":2},"end":{"line":53,"column":2}}]},"10":{"line":53,"type":"binary-expr","locations":[{"start":{"line":53,"column":7},"end":{"line":53,"column":39}},{"start":{"line":54,"column":8},"end":{"line":54,"column":39}},{"start":{"line":55,"column":8},"end":{"line":55,"column":41}},{"start":{"line":56,"column":8},"end":{"line":56,"column":41}}]},"11":{"line":59,"type":"if","locations":[{"start":{"line":59,"column":7},"end":{"line":59,"column":7}},{"start":{"line":59,"column":7},"end":{"line":59,"column":7}}]},"12":{"line":59,"type":"binary-expr","locations":[{"start":{"line":59,"column":12},"end":{"line":59,"column":46}},{"start":{"line":60,"column":8},"end":{"line":60,"column":24}},{"start":{"line":60,"column":28},"end":{"line":60,"column":47}}]},"13":{"line":71,"type":"if","locations":[{"start":{"line":71,"column":2},"end":{"line":71,"column":2}},{"start":{"line":71,"column":2},"end":{"line":71,"column":2}}]},"14":{"line":71,"type":"binary-expr","locations":[{"start":{"line":71,"column":6},"end":{"line":71,"column":39}},{"start":{"line":71,"column":43},"end":{"line":71,"column":60}}]},"15":{"line":83,"type":"if","locations":[{"start":{"line":83,"column":2},"end":{"line":83,"column":2}},{"start":{"line":83,"column":2},"end":{"line":83,"column":2}}]},"16":{"line":118,"type":"if","locations":[{"start":{"line":118,"column":2},"end":{"line":118,"column":2}},{"start":{"line":118,"column":2},"end":{"line":118,"column":2}}]},"17":{"line":119,"type":"if","locations":[{"start":{"line":119,"column":4},"end":{"line":119,"column":4}},{"start":{"line":119,"column":4},"end":{"line":119,"column":4}}]},"18":{"line":130,"type":"if","locations":[{"start":{"line":130,"column":2},"end":{"line":130,"column":2}},{"start":{"line":130,"column":2},"end":{"line":130,"column":2}}]},"19":{"line":131,"type":"if","locations":[{"start":{"line":131,"column":4},"end":{"line":131,"column":4}},{"start":{"line":131,"column":4},"end":{"line":131,"column":4}}]}},"code":["var tsscmp = require('tsscmp');","var crypto = require('crypto');","","var Attachment = require('./attachment');","var Request = require('./request');","var builder = require('./build');","var resources = require('./schema').definitions;","","var mailgunExpirey = 15 * 60 * 1000;","var mailgunHashType = 'sha256';","var mailgunSignatureEncoding = 'hex';","","var Mailgun = function (options) {","  if(!options.apiKey){","    throw new Error('apiKey value must be defined!'); ","  }","  this.username = 'api';","  this.apiKey = options.apiKey;","  this.publicApiKey = options.publicApiKey;","  this.domain = options.domain;","  this.auth = [this.username, this.apiKey].join(':');","  this.mute = options.mute || false;","  this.timeout = options.timeout;","","  this.host = options.host || 'api.mailgun.net';","  this.endpoint = options.endpoint || '/v3';","  this.protocol = options.protocol || 'https:';","  this.port = options.port || 443;","  this.retry = options.retry || 1;","","  if (options.proxy) {","    this.proxy = options.proxy;","  }","","  this.options = {","    host: this.host,","    endpoint: this.endpoint,","    protocol: this.protocol,","    port: this.port,","    auth: this.auth,","    proxy: this.proxy,","    timeout: this.timeout,","    retry: this.retry","  };","","  this.mailgunTokens = {};","};","","Mailgun.prototype.getDomain = function (method, resource) {","  var d = this.domain;","","  //filter out API calls that do not require a domain specified","  if ((resource.indexOf('/routes') >= 0)","    || (resource.indexOf('/lists') >= 0)","    || (resource.indexOf('/address') >= 0)","    || (resource.indexOf('/domains') >= 0 )) {","    d = '';","  }","  else if ((resource.indexOf('/messages') >= 0)","    && (method === 'GET' || method === 'DELETE')) {","    d = 'domains/' + this.domain;","  }","","  return d;","};","","Mailgun.prototype.getRequestOptions = function (resource) {","  var o = this.options;","","  // use public API key if we have it for the routes that require it","  if (resource.indexOf('/address') >= 0 && this.publicApiKey) {","    var copy = Object.assign({}, this.options);","    copy.auth = [this.username, this.publicApiKey].join(':');","    o = copy;","  }"," ","  return o;","};","","Mailgun.prototype.request = function (method, resource, data, fn) {","  var fullpath = resource;","  var domain = this.getDomain(method, resource);","  if (domain) {","    fullpath = '/'.concat(domain, resource);","  }","","  var req = new Request(this.options);","  return req.request(method, fullpath, data, fn);","};","","Mailgun.prototype.post = function (path, data, fn) {","  var req = new Request(this.options);","  return req.request('POST', path, data, fn);","};","","Mailgun.prototype.get = function (path, data, fn) {","  var req = new Request(this.options);","  return req.request('GET', path, data, fn);","};","","Mailgun.prototype.delete = function (path, data, fn) {","  var req = new Request(this.options);","  return req.request('DELETE', path, data, fn);","};","","Mailgun.prototype.put = function (path, data, fn) {","  var req = new Request(this.options);","  return req.request('PUT', path, data, fn);","};","","","Mailgun.prototype.validateWebhook = function (timestamp, token, signature) {","  var self = this;","","  var adjustedTimestamp = parseInt(timestamp, 10) * 1000;","  var fresh = (Math.abs(Date.now() - adjustedTimestamp) < mailgunExpirey);","","  if (!fresh) {","    if (!this.mute) {","      console.error('[mailgun] Stale Timestamp: this may be an attack');","      console.error('[mailgun] However, this is most likely your fault\\n');","      console.error('[mailgun] run `ntpdate ntp.ubuntu.com` and check your system clock\\n');","      console.error('[mailgun] System Time: ' + new Date().toString());","      console.error('[mailgun] Mailgun Time: ' + new Date(adjustedTimestamp).toString(), timestamp);","      console.error('[mailgun] Delta: ' + (Date.now() - adjustedTimestamp));","    }","    return false;","  }","","  if (this.mailgunTokens[token]) {","    if (!this.mute) {","      console.error('[mailgun] Replay Attack');","    }","    return false;","  }","","  this.mailgunTokens[token] = true;","","  setTimeout(function () {","    delete self.mailgunTokens[token];","  }, mailgunExpirey + (5 * 1000));","","  return tsscmp(","    signature","    , crypto.createHmac(mailgunHashType, self.apiKey)","      .update(new Buffer(timestamp + token, 'utf-8'))","      .digest(mailgunSignatureEncoding)","  );","};","","Mailgun.prototype.validate = function (address, fn) {","  var resource = `/address/validate`;","  var options = this.getRequestOptions(resource);","","  var req = new Request(options);","  return req.request('GET', resource, { address }, fn);","};","","Mailgun.prototype.parse = function (addresses, fn) {","  var resource = `/address/parse`;","  var options = this.getRequestOptions(resource);","","  var req = new Request(options);","  return req.request('GET', resource, { addresses }, fn);","};","","builder.build(Mailgun, resources);","","Mailgun.prototype.Attachment = Attachment;","","Mailgun.prototype.Mailgun = Mailgun;","","module.exports = function (options) {","  return new Mailgun(options);","};",""],"l":{"1":1,"2":1,"4":1,"5":1,"6":1,"7":1,"9":1,"10":1,"11":1,"13":1,"14":0,"15":0,"17":0,"18":0,"19":0,"20":0,"21":0,"22":0,"23":0,"25":0,"26":0,"27":0,"28":0,"29":0,"31":0,"32":0,"35":0,"46":0,"49":1,"50":0,"53":0,"57":0,"59":0,"61":0,"64":0,"67":1,"68":0,"71":0,"72":0,"73":0,"74":0,"77":0,"80":1,"81":0,"82":0,"83":0,"84":0,"87":0,"88":0,"91":1,"92":0,"93":0,"96":1,"97":0,"98":0,"101":1,"102":0,"103":0,"106":1,"107":0,"108":0,"112":1,"113":0,"115":0,"116":0,"118":0,"119":0,"120":0,"121":0,"122":0,"123":0,"124":0,"125":0,"127":0,"130":0,"131":0,"132":0,"134":0,"137":0,"139":0,"140":0,"143":0,"151":1,"152":0,"153":0,"155":0,"156":0,"159":1,"160":0,"161":0,"163":0,"164":0,"167":1,"169":1,"171":1,"173":1,"174":0}},"/home/travis/build/npmtest/node-npmtest-mailgun-js/node_modules/mailgun-js/lib/attachment.js":{"path":"/home/travis/build/npmtest/node-npmtest-mailgun-js/node_modules/mailgun-js/lib/attachment.js","s":{"1":1,"2":1,"3":0,"4":0,"5":0,"6":0,"7":0,"8":0,"9":0,"10":1,"11":0,"12":0,"13":0,"14":0,"15":0,"16":0,"17":0,"18":0},"b":{"1":[0,0],"2":[0,0],"3":[0,0,0],"4":[0,0],"5":[0,0],"6":[0,0],"7":[0,0]},"f":{"1":0,"2":0},"fnMap":{"1":{"name":"Attachment","line":16,"loc":{"start":{"line":16,"column":34},"end":{"line":16,"column":63}}},"2":{"name":"(anonymous_2)","line":30,"loc":{"start":{"line":30,"column":31},"end":{"line":30,"column":43}}}},"statementMap":{"1":{"start":{"line":1,"column":0},"end":{"line":1,"column":36}},"2":{"start":{"line":16,"column":0},"end":{"line":28,"column":2}},"3":{"start":{"line":17,"column":2},"end":{"line":17,"column":26}},"4":{"start":{"line":19,"column":2},"end":{"line":23,"column":3}},"5":{"start":{"line":20,"column":4},"end":{"line":22,"column":5}},"6":{"start":{"line":21,"column":6},"end":{"line":21,"column":23}},"7":{"start":{"line":25,"column":2},"end":{"line":25,"column":35}},"8":{"start":{"line":26,"column":2},"end":{"line":26,"column":41}},"9":{"start":{"line":27,"column":2},"end":{"line":27,"column":41}},"10":{"start":{"line":30,"column":0},"end":{"line":44,"column":2}},"11":{"start":{"line":31,"column":2},"end":{"line":41,"column":3}},"12":{"start":{"line":32,"column":4},"end":{"line":40,"column":5}},"13":{"start":{"line":33,"column":6},"end":{"line":33,"column":20}},"14":{"start":{"line":35,"column":9},"end":{"line":40,"column":5}},"15":{"start":{"line":36,"column":6},"end":{"line":36,"column":22}},"16":{"start":{"line":38,"column":9},"end":{"line":40,"column":5}},"17":{"start":{"line":39,"column":6},"end":{"line":39,"column":22}},"18":{"start":{"line":43,"column":2},"end":{"line":43,"column":19}}},"branchMap":{"1":{"line":19,"type":"if","locations":[{"start":{"line":19,"column":2},"end":{"line":19,"column":2}},{"start":{"line":19,"column":2},"end":{"line":19,"column":2}}]},"2":{"line":20,"type":"if","locations":[{"start":{"line":20,"column":4},"end":{"line":20,"column":4}},{"start":{"line":20,"column":4},"end":{"line":20,"column":4}}]},"3":{"line":20,"type":"binary-expr","locations":[{"start":{"line":20,"column":8},"end":{"line":20,"column":32}},{"start":{"line":20,"column":36},"end":{"line":20,"column":57}},{"start":{"line":20,"column":61},"end":{"line":20,"column":75}}]},"4":{"line":31,"type":"if","locations":[{"start":{"line":31,"column":2},"end":{"line":31,"column":2}},{"start":{"line":31,"column":2},"end":{"line":31,"column":2}}]},"5":{"line":32,"type":"if","locations":[{"start":{"line":32,"column":4},"end":{"line":32,"column":4}},{"start":{"line":32,"column":4},"end":{"line":32,"column":4}}]},"6":{"line":35,"type":"if","locations":[{"start":{"line":35,"column":9},"end":{"line":35,"column":9}},{"start":{"line":35,"column":9},"end":{"line":35,"column":9}}]},"7":{"line":38,"type":"if","locations":[{"start":{"line":38,"column":9},"end":{"line":38,"column":9}},{"start":{"line":38,"column":9},"end":{"line":38,"column":9}}]}},"code":["var isStream = require('is-stream');","","/**"," * Creates an Attachment object."," * @param options Buffer representing attachment data"," *                data  - one of:"," *                      - string representing the full file path"," *                      - buffer of the data"," *                      - readable interface (stream)"," *                filename - optionally the filename to be used for the attachment, should be used if passing"," *                           buffer or stream in the data param"," *                contentType - the content type for header info. Should be passed in if using stream for data"," *                knownLength - the known length of the data. Should be passed in if using stream for data"," * @constructor"," */","var Attachment = module.exports = function Attachment(options) {","  var data = options.data;","","  if (data) {","    if (typeof data === 'string' || Buffer.isBuffer(data) || isStream(data)) {","      this.data = data;","    }","  }","","  this.filename = options.filename;","  this.contentType = options.contentType;","  this.knownLength = options.knownLength;","};","","Attachment.prototype.getType = function () {","  if (this.data) {","    if (typeof this.data === 'string') {","      return 'path';","    }","    else if (Buffer.isBuffer(this.data)) {","      return 'buffer';","    }","    else if (isStream(this.data)) {","      return 'stream';","    }","  }","","  return 'unknown';","};"],"l":{"1":1,"16":1,"17":0,"19":0,"20":0,"21":0,"25":0,"26":0,"27":0,"30":1,"31":0,"32":0,"33":0,"35":0,"36":0,"38":0,"39":0,"43":0}},"/home/travis/build/npmtest/node-npmtest-mailgun-js/node_modules/mailgun-js/lib/request.js":{"path":"/home/travis/build/npmtest/node-npmtest-mailgun-js/node_modules/mailgun-js/lib/request.js","s":{"1":1,"2":1,"3":1,"4":1,"5":1,"6":1,"7":1,"8":1,"9":1,"10":1,"11":1,"12":1,"13":1,"14":0,"15":1,"16":0,"17":0,"18":0,"19":0,"20":0,"21":0,"22":0,"23":0,"24":1,"25":0,"26":0,"27":0,"28":0,"29":0,"30":0,"31":0,"32":0,"33":0,"34":0,"35":0,"36":0,"37":0,"38":0,"39":0,"40":0,"41":0,"42":0,"43":0,"44":0,"45":0,"46":0,"47":0,"48":0,"49":0,"50":0,"51":1,"52":0,"53":0,"54":0,"55":0,"56":0,"57":0,"58":1,"59":0,"60":0,"61":0,"62":0,"63":0,"64":1,"65":0,"66":0,"67":1,"68":0,"69":0,"70":0,"71":0,"72":0,"73":0,"74":0,"75":0,"76":1,"77":0,"78":0,"79":0,"80":0,"81":0,"82":0,"83":0,"84":0,"85":0,"86":0,"87":0,"88":0,"89":0,"90":1,"91":0,"92":0,"93":0,"94":0,"95":0,"96":0,"97":0,"98":0,"99":0,"100":1,"101":0,"102":0,"103":0,"104":0,"105":0,"106":0,"107":0,"108":1,"109":0,"110":0,"111":0,"112":0,"113":0,"114":0,"115":0,"116":0,"117":0,"118":0,"119":0,"120":0,"121":0,"122":0,"123":0,"124":0,"125":0,"126":0,"127":0,"128":0,"129":0,"130":0,"131":0,"132":0,"133":0,"134":0,"135":0,"136":0,"137":0,"138":0,"139":1,"140":0,"141":0,"142":0,"143":0,"144":0,"145":0,"146":0,"147":0,"148":0,"149":0,"150":0,"151":0,"152":0,"153":0,"154":0,"155":0,"156":0,"157":0,"158":0,"159":0,"160":0,"161":0,"162":0,"163":0,"164":1,"165":0,"166":0,"167":0,"168":0,"169":0,"170":0,"171":0,"172":0,"173":0,"174":0,"175":0,"176":0,"177":0,"178":0,"179":0,"180":0,"181":0,"182":0,"183":0,"184":0,"185":0,"186":1},"b":{"1":[0,0],"2":[0,0],"3":[0,0],"4":[0,0],"5":[0,0],"6":[0,0],"7":[0,0],"8":[0,0,0,0,0],"9":[0,0],"10":[0,0],"11":[0,0,0,0],"12":[0,0],"13":[0,0],"14":[0,0],"15":[0,0],"16":[0,0],"17":[0,0],"18":[0,0],"19":[0,0],"20":[0,0],"21":[0,0,0,0],"22":[0,0],"23":[0,0,0],"24":[0,0],"25":[0,0],"26":[0,0],"27":[0,0],"28":[0,0],"29":[0,0],"30":[0,0],"31":[0,0],"32":[0,0],"33":[0,0],"34":[0,0],"35":[0,0],"36":[0,0],"37":[0,0],"38":[0,0],"39":[0,0],"40":[0,0],"41":[0,0],"42":[0,0],"43":[0,0],"44":[0,0],"45":[0,0],"46":[0,0],"47":[0,0],"48":[0,0],"49":[0,0],"50":[0,0],"51":[0,0],"52":[0,0],"53":[0,0],"54":[0,0],"55":[0,0,0],"56":[0,0],"57":[0,0],"58":[0,0,0,0],"59":[0,0],"60":[0,0],"61":[0,0],"62":[0,0],"63":[0,0],"64":[0,0,0],"65":[0,0],"66":[0,0,0,0],"67":[0,0],"68":[0,0],"69":[0,0],"70":[0,0],"71":[0,0,0,0]},"f":{"1":0,"2":0,"3":0,"4":0,"5":0,"6":0,"7":0,"8":0,"9":0,"10":0,"11":0,"12":0,"13":0,"14":0,"15":0,"16":0,"17":0,"18":0,"19":0,"20":0,"21":0,"22":0,"23":0},"fnMap":{"1":{"name":"noop","line":14,"loc":{"start":{"line":14,"column":0},"end":{"line":14,"column":17}}},"2":{"name":"isOk","line":17,"loc":{"start":{"line":17,"column":0},"end":{"line":17,"column":17}}},"3":{"name":"Request","line":21,"loc":{"start":{"line":21,"column":0},"end":{"line":21,"column":26}}},"4":{"name":"(anonymous_4)","line":32,"loc":{"start":{"line":32,"column":29},"end":{"line":32,"column":67}}},"5":{"name":"(anonymous_5)","line":83,"loc":{"start":{"line":83,"column":22},"end":{"line":83,"column":41}}},"6":{"name":"(anonymous_6)","line":94,"loc":{"start":{"line":94,"column":28},"end":{"line":94,"column":66}}},"7":{"name":"getDataValue","line":107,"loc":{"start":{"line":107,"column":0},"end":{"line":107,"column":34}}},"8":{"name":"isSpecialParam","line":119,"loc":{"start":{"line":119,"column":0},"end":{"line":119,"column":34}}},"9":{"name":"(anonymous_9)","line":124,"loc":{"start":{"line":124,"column":32},"end":{"line":124,"column":48}}},"10":{"name":"(anonymous_10)","line":142,"loc":{"start":{"line":142,"column":36},"end":{"line":142,"column":52}}},"11":{"name":"appendKey","line":163,"loc":{"start":{"line":163,"column":8},"end":{"line":163,"column":36}}},"12":{"name":"(anonymous_12)","line":186,"loc":{"start":{"line":186,"column":37},"end":{"line":186,"column":57}}},"13":{"name":"(anonymous_13)","line":205,"loc":{"start":{"line":205,"column":43},"end":{"line":205,"column":63}}},"14":{"name":"(anonymous_14)","line":264,"loc":{"start":{"line":264,"column":35},"end":{"line":264,"column":50}}},"15":{"name":"(anonymous_15)","line":269,"loc":{"start":{"line":269,"column":17},"end":{"line":269,"column":34}}},"16":{"name":"(anonymous_16)","line":273,"loc":{"start":{"line":273,"column":18},"end":{"line":273,"column":33}}},"17":{"name":"(anonymous_17)","line":277,"loc":{"start":{"line":277,"column":16},"end":{"line":277,"column":28}}},"18":{"name":"(anonymous_18)","line":309,"loc":{"start":{"line":309,"column":35},"end":{"line":309,"column":54}}},"19":{"name":"(anonymous_19)","line":315,"loc":{"start":{"line":315,"column":30},"end":{"line":315,"column":50}}},"20":{"name":"(anonymous_20)","line":327,"loc":{"start":{"line":327,"column":34},"end":{"line":327,"column":49}}},"21":{"name":"(anonymous_21)","line":332,"loc":{"start":{"line":332,"column":35},"end":{"line":332,"column":50}}},"22":{"name":"(anonymous_22)","line":338,"loc":{"start":{"line":338,"column":38},"end":{"line":338,"column":50}}},"23":{"name":"(anonymous_23)","line":344,"loc":{"start":{"line":344,"column":20},"end":{"line":344,"column":33}}}},"statementMap":{"1":{"start":{"line":1,"column":0},"end":{"line":1,"column":29}},"2":{"start":{"line":2,"column":0},"end":{"line":2,"column":27}},"3":{"start":{"line":3,"column":0},"end":{"line":3,"column":35}},"4":{"start":{"line":4,"column":0},"end":{"line":4,"column":32}},"5":{"start":{"line":5,"column":0},"end":{"line":5,"column":23}},"6":{"start":{"line":6,"column":0},"end":{"line":6,"column":42}},"7":{"start":{"line":7,"column":0},"end":{"line":7,"column":36}},"8":{"start":{"line":8,"column":0},"end":{"line":8,"column":41}},"9":{"start":{"line":9,"column":0},"end":{"line":9,"column":35}},"10":{"start":{"line":10,"column":0},"end":{"line":10,"column":46}},"11":{"start":{"line":12,"column":0},"end":{"line":12,"column":43}},"12":{"start":{"line":14,"column":0},"end":{"line":15,"column":1}},"13":{"start":{"line":17,"column":0},"end":{"line":19,"column":1}},"14":{"start":{"line":18,"column":2},"end":{"line":18,"column":48}},"15":{"start":{"line":21,"column":0},"end":{"line":30,"column":1}},"16":{"start":{"line":22,"column":2},"end":{"line":22,"column":27}},"17":{"start":{"line":23,"column":2},"end":{"line":23,"column":35}},"18":{"start":{"line":24,"column":2},"end":{"line":24,"column":27}},"19":{"start":{"line":25,"column":2},"end":{"line":25,"column":35}},"20":{"start":{"line":26,"column":2},"end":{"line":26,"column":27}},"21":{"start":{"line":27,"column":2},"end":{"line":27,"column":29}},"22":{"start":{"line":28,"column":2},"end":{"line":28,"column":33}},"23":{"start":{"line":29,"column":2},"end":{"line":29,"column":34}},"24":{"start":{"line":32,"column":0},"end":{"line":92,"column":1}},"25":{"start":{"line":33,"column":2},"end":{"line":33,"column":18}},"26":{"start":{"line":35,"column":2},"end":{"line":35,"column":48}},"27":{"start":{"line":37,"column":2},"end":{"line":37,"column":38}},"28":{"start":{"line":39,"column":2},"end":{"line":39,"column":20}},"29":{"start":{"line":41,"column":2},"end":{"line":41,"column":51}},"30":{"start":{"line":43,"column":2},"end":{"line":43,"column":20}},"31":{"start":{"line":44,"column":2},"end":{"line":59,"column":3}},"32":{"start":{"line":45,"column":4},"end":{"line":45,"column":40}},"33":{"start":{"line":46,"column":4},"end":{"line":46,"column":60}},"34":{"star
[...]
ype\": [\"string\", \"object\"]","            }","          }","        },","        {","          \"description\": \"To delete an inbound message that has been stored via the store() action.\",","          \"href\": \"/messages/{message}\",","          \"method\": \"DELETE\",","          \"title\": \"delete\"","        }","      ]","    },","    \"domain\": {","      \"description\": \"This API allows you to create, access, and validate domains programmatically.\",","      \"links\": [","        {","          \"description\": \"Returns a list of domains under your account in JSON.\",","          \"href\": \"/domains\",","          \"method\": \"GET\",","          \"title\": \"list\",","          \"properties\": {","            \"limit\": {","              \"type\": \"number\"","            },","            \"skip\": {","              \"type\": \"number\"","            }","          }","        },","        {","          \"description\": \"Returns a single domain, including credentials and DNS records.\",","          \"href\": \"/domains/{domain}\",","          \"method\": \"GET\",","          \"title\": \"info\"","        },","        {","          \"description\": \"Create a new domain.\",","          \"href\": \"/domains\",","          \"method\": \"POST\",","          \"title\": \"create\",","          \"properties\": {","            \"name\": {","              \"type\": \"string\"","            },","            \"smtp_password\": {","              \"type\": \"string\"","            },","            \"wildcard\": {","              \"type\": \"boolean\"","            }","          },","          \"required\": [\"name\", \"smtp_password\"]","        },","        {","          \"description\": \"Delete a domain from your account.\",","          \"href\": \"/domains/{domain}\",","          \"method\": \"DELETE\",","          \"title\": \"delete\"","        }","      ]","    },","    \"credentials\": {","      \"description\": \"Programmatically get and modify domain credentials.\",","      \"links\": [","        {","          \"description\": \"Returns a list of SMTP credentials for the defined domain.\",","          \"href\": \"/domains/{domain}/credentials\",","          \"method\": \"GET\",","          \"title\": \"list\",","          \"properties\": {","            \"limit\": {","              \"type\": \"number\"","            },","            \"skip\": {","              \"type\": \"number\"","            }","          }","        },","        {","          \"description\": \"Creates a new set of SMTP credentials for the defined domain.\",","          \"href\": \"/domains/{domain}/credentials\",","          \"method\": \"POST\",","          \"title\": \"create\",","          \"properties\": {","            \"login\": {","              \"type\": \"string\"","            },","            \"password\": {","              \"type\": \"string\"","            }","          },","          \"required\": [\"login\", \"password\"]","        },","        {","          \"description\": \"Updates the specified SMTP credentials. Currently only the password can be changed.\",","          \"href\": \"/domains/{domain}/credentials/{login}\",","          \"method\": \"PUT\",","          \"title\": \"update\",","          \"properties\": {","            \"password\": {","              \"type\": \"string\"","            }","          },","          \"required\": [\"password\"]","        },","        {","          \"description\": \"Deletes the defined SMTP credentials.\",","          \"href\": \"/domains/{domain}/credentials/{login}\",","          \"method\": \"DELETE\",","          \"title\": \"delete\"","        }","      ]","    },","    \"complaints\": {","      \"description\": \"This API allows you to programmatically download the list of users who have complained, add a complaint, or delete a complaint.\",","      \"links\": [","        {","          \"description\": \"Fetches the list of complaints.\",","          \"href\": \"/complaints\",","          \"method\": \"GET\",","          \"title\": \"list\",","          \"properties\": {","            \"limit\": {","              \"type\": \"number\"","            },","            \"skip\": {","              \"type\": \"number\"","            }","          }","        },","        {","          \"description\": \"Adds an address to the complaints table.\",","          \"href\": \"/complaints\",","          \"method\": \"POST\",","          \"title\": \"create\",","          \"properties\": {","            \"address\": {","              \"type\": \"string\"","            }","          },","          \"required\": [\"address\"]","        },","        {","          \"description\": \"Fetches a single spam complaint by a given email address.\",","          \"href\": \"/complaints/{address}\",","          \"method\": \"GET\",","          \"title\": \"info\"","        },","        {","          \"description\": \"Removes a given spam complaint.\",","          \"href\": \"/complaints/{address}\",","          \"method\": \"DELETE\",","          \"title\": \"delete\"","        }","      ]","    },","    \"unsubscribes\": {","      \"description\": \"This API allows you to programmatically download the list of recipients who have unsubscribed from your emails. You can also programmatically “clear” the unsubscribe event.\",","      \"links\": [","        {","          \"description\": \"Fetches the list of unsubscribes.\",","          \"href\": \"/unsubscribes\",","          \"method\": \"GET\",","          \"title\": \"list\",","          \"properties\": {","            \"limit\": {","              \"type\": \"number\"","            },","            \"skip\": {","              \"type\": \"number\"","            }","          }","        },","        {","          \"description\": \"Retreives a single unsubscribe record.\",","          \"href\": \"/unsubscribes/{address}\",","          \"method\": \"GET\",","          \"title\": \"info\"","        },","        {","          \"description\": \"Removes an address from the unsubscribes table.\",","          \"href\": \"/unsubscribes/{address}\",","          \"method\": \"DELETE\",","          \"title\": \"delete\"","        },","        {","          \"description\": \"Adds address to unsubscribed table.\",","          \"href\": \"/unsubscribes\",","          \"method\": \"POST\",","          \"title\": \"create\",","          \"properties\": {","            \"address\": {","              \"type\": \"string\"","            },","            \"tag\": {","              \"type\": \"string\"","            }","          },","          \"required\": [\"address\", \"tag\"]","        }","      ]","    },","    \"bounces\": {","      \"description\": \"Mailgun automatically handles bounced emails. The list of bounced addresses can be accessed programmatically.\",","      \"links\": [","        {","          \"description\": \"Fetches the list of bounces.\",","          \"href\": \"/bounces\",","          \"method\": \"GET\",","          \"title\": \"list\",","          \"properties\": {","            \"limit\": {","              \"type\": \"number\"","            },","            \"skip\": {","              \"type\": \"number\"","            }","          }","        },","        {","          \"description\": \"Fetches a single bounce event by a given email address.\",","          \"href\": \"/bounces/{address}\",","          \"method\": \"GET\",","          \"title\": \"info\"","        },","        {","          \"description\": \"Clears a given bounce event.\",","          \"href\": \"/bounces/{address}\",","          \"method\": \"DELETE\",","          \"title\": \"delete\"","        },","        {","          \"description\": \"Adds a permanent bounce to the bounces table. Updates the existing record if already here.\",","          \"href\": \"/bounces\",","          \"method\": \"POST\",","          \"title\": \"create\",","          \"properties\": {","            \"address\": {","              \"type\": \"string\"","            },","            \"code\": {","              \"type\": \"number\"","            },","            \"error\": {","              \"type\": \"string\"","            }","          },","          \"required\": [\"address\"]","        }","      ]","    },","    \"routes\": {","      \"description\": \"Mailgun Routes are a powerful way to handle the incoming traffic. This API allows you to work with routes programmatically.\",","      \"links\": [","        {","          \"description\": \"Fetches the list of routes.\",","          \"href\": \"/routes\",","          \"method\": \"GET\",","          \"title\": \"list\",","          \"properties\": {","            \"limit\": {","              \"type\": \"number\"","            },","            \"skip\": {","              \"type\": \"number\"","            }","          }","        },","        {","          \"description\": \"Returns a single route object based on its ID.\",","          \"href\": \"/routes/{id}\",","          \"method\": \"GET\",","          \"title\": \"info\"","        },","        {","          \"description\": \"Creates a new route.\",","          \"href\": \"/routes\",","          \"method\": \"POST\",","          \"title\": \"create\",","          \"properties\": {","            \"limit\": {","              \"priority\": \"number\"","            },","            \"description\": {","              \"type\": \"string\"","            },","            \"expression\": {","              \"type\": \"string\"","            }","          },","          \"required\": [\"expression\"]","        },","        {","          \"description\": \"Updates a given route by ID.\",","          \"href\": \"/routes/{id}\",","          \"method\": \"PUT\",","          \"title\": \"update\",","          \"properties\": {","            \"limit\": {","              \"priority\": \"number\"","            },","            \"description\": {","              \"type\": \"string\"","            },","            \"expression\": {","              \"type\": \"string\"","            }","          }","        },","        {","          \"description\": \"Deletes a route based on the id.\",","          \"href\": \"/routes/{id}\",","          \"method\": \"DELETE\",","          \"title\": \"delete\"","        }","      ]","    },","    \"list\": {","      \"description\": \"You can programmatically work with mailing lists and mailing list memebers using Mailgun Mailing List API.\",","      \"links\": [","        {","          \"description\": \"Returns a list of mailing lists under your account.\",","          \"href\": \"/lists\",","          \"method\": \"GET\",","          \"title\": \"list\",","          \"properties\": {","            \"address\": {","              \"type\": \"string\"","            },","            \"limit\": {","              \"type\": \"number\"","            },","            \"skip\": {","              \"type\": \"number\"","            }","          }","        },","        {","          \"description\": \"Returns a single mailing list by a given address.\",","          \"href\": \"/lists/{address}\",","          \"method\": \"GET\",","          \"title\": \"info\"","        },","        {","          \"description\": \"Creates a new mailing list.\",","          \"href\": \"/lists\",","          \"method\": \"POST\",","          \"title\": \"create\",","          \"properties\": {","            \"address\": {","              \"type\": \"string\"","            },","            \"name\": {","              \"type\": \"string\"","            },","            \"description\": {","              \"type\": \"string\"","            },","            \"access_level\": {","              \"type\": \"string\"","            }","          },","          \"required\": [\"address\"]","        },","        {","          \"description\": \"Update mailing list properties, such as address, description or name.\",","          \"href\": \"/lists/{address}\",","          \"method\": \"PUT\",","          \"title\": \"update\",","          \"properties\": {","            \"address\": {","              \"type\": \"string\"","            },","            \"name\": {","              \"type\": \"string\"","            },","            \"description\": {","              \"type\": \"string\"","            },","            \"access_level\": {","              \"type\": \"string\"","            }","          }","        },","        {","          \"description\": \"Deletes a mailing list.\",","          \"href\": \"/lists/{address}\",","          \"method\": \"DELETE\",","          \"title\": \"delete\"","        }","      ]","    },","    \"members\": {","      \"description\": \"Programatically work with mailing lists members.\",","      \"links\": [","        {","          \"description\": \"Fetches the list of mailing list members.\",","          \"href\": \"/lists/{address}/members\",","          \"method\": \"GET\",","          \"title\": \"list\",","          \"properties\": {","            \"subscribed\": {","              \"type\": \"boolean\"","            },","            \"limit\": {","              \"type\": \"number\"","            },","            \"skip\": {","              \"type\": \"number\"","            }","          }","        },","        {","          \"description\": \"Paginate over list members in the given mailing list\",","          \"href\": \"/lists/{address}/members/pages\",","          \"method\": \"GET\",","          \"title\": \"page\",","          \"properties\": {","            \"subscribed\": {","              \"type\": \"boolean\"","            },","            \"limit\": {","              \"type\": \"number\"","            },","            \"page\": {","              \"type\": \"string\"","            },","            \"address\": {","              \"type\": \"string\"","            }","          }","        },","        {","          \"description\": \"Retrieves a mailing list member.\",","          \"href\": \"/lists/{address}/members/{member_address}\",","          \"method\": \"GET\",","          \"title\": \"info\"","        },","        {","          \"description\": \"Adds a member to the mailing list.\",","          \"href\": \"/lists/{address}/members\",","          \"method\": \"POST\",","          \"title\": \"create\",","          \"properties\": {","            \"address\": {","              \"type\": \"string\"","            },","            \"name\": {","              \"type\": \"string\"","            },","            \"vars\": {","              \"type\": \"object\"","            },","            \"subscribed\": {","              \"type\": \"boolean\"","            },","            \"upsert\": {","              \"type\": \"string\"","            }","          },","          \"required\": [\"address\"]","        },","        {","          \"description\": \"Adds multiple members, up to 1,000 per call, to a Mailing List.\",","          \"href\": \"/lists/{address}/members.json\",","          \"method\": \"POST\",","          \"title\": \"add\",","          \"properties\": {","            \"members\": {","              \"type\": \"array\"","            },","            \"upsert\": {","              \"type\": \"boolean\"","            }","          },","          \"required\": [\"members\"]","        },","        {","          \"description\": \"Updates a mailing list member with given properties.\",","          \"href\": \"/lists/{address}/members/{member_address}\",","          \"method\": \"PUT\",","          \"title\": \"update\",","          \"properties\": {","            \"address\": {","              \"type\": \"string\"","            },","            \"name\": {","              \"type\": \"string\"","            },","            \"vars\": {","              \"type\": \"object\"","            },","            \"subscribed\": {","              \"type\": \"string\"","            }","          }","        },","        {","          \"description\": \"Delete a mailing list member.\",","          \"href\": \"/lists/{address}/members/{member_address}\",","          \"method\": \"DELETE\",","          \"title\": \"delete\"","        }","      ]","    },","    \"campaign\": {","      \"description\": \"Manage campaigns. See http://documentation.mailgun.com/api-campaigns.html\",","      \"links\": [","        {","          \"description\": \"Create a new campaign.\",","          \"href\": \"/campaigns\",","          \"method\": \"POST\",","          \"title\": \"create\",","          \"properties\": {","            \"id\": {","              \"type\": \"string\"","            },","            \"name\": {","              \"type\": \"string\"","            }","          },","          \"required\": [\"name\"]","        },","        {","          \"description\": \"Returns a list of campaigns.\",","          \"href\": \"/campaigns\",","          \"method\": \"GET\",","          \"title\": \"list\",","          \"properties\": {","            \"limit\": {","              \"type\": \"number\"","            },","            \"skip\": {","              \"type\": \"number\"","            }","          }","        },","        {","          \"description\": \"Get single campaign info.\",","          \"href\": \"/campaigns/{id}\",","          \"method\": \"GET\",","          \"title\": \"info\"","        },","        {","          \"description\": \"Update campaign.\",","          \"href\": \"/campaigns/{id}\",","          \"method\": \"PUT\",","          \"title\": \"update\",","          \"properties\": {","            \"id\": {","              \"type\": \"string\"","            },","            \"name\": {","              \"type\": \"string\"","            }","          }","        },","        {","          \"description\": \"Delete campaign.\",","          \"href\": \"/campaigns/{id}\",","          \"method\": \"DELETE\",","          \"title\": \"delete\"","        }","      ]","    },","    \"stats\": {","      \"description\": \"Various data and event statistics for you mailgun account. See http://documentation.mailgun.com/api-stats.html\",","      \"links\": [","        {","          \"description\": \"Returns a list of event stat items. Each record represents counts for one event per one day.\",","          \"href\": \"/stats\",","          \"method\": \"GET\",","          \"title\": \"list\",","          \"properties\": {","            \"limit\": {","              \"type\": \"number\"","            },","            \"skip\": {","              \"type\": \"number\"","            },","            \"start-date\": {","              \"type\": \"string\"","            }","          }","        }","      ]","    },","    \"tags\": {","      \"description\": \"Deletes all counters for particular tag and the tag itself. See http://documentation.mailgun.com/api-stats.html\",","      \"links\": [","        {","          \"description\": \"Deletes all counters for particular tag and the tag itself.\",","          \"href\": \"/tags/{tag}\",","          \"method\": \"DELETE\",","          \"title\": \"delete\"","        }","      ]","    },","    \"events\": {","      \"description\": \"Query events that happen to your emails. See http://documentation.mailgun.com/api-events.html\",","      \"links\": [","        {","          \"description\": \"Queries event records.\",","          \"href\": \"/events\",","          \"method\": \"GET\",","          \"title\": \"get\",","          \"properties\": {","            \"begin\": {","              \"type\": \"string\"","            },","            \"end\": {","              \"type\": \"string\"","            },","            \"ascending\": {","              \"type\": \"string\"","            },","            \"limit\": {","              \"type\": \"number\"","            },","            \"pretty\": {","              \"type\": \"string\"","            }","          }","        }","      ]","    }","  }","};",""],"l":{"1":1}}}